000 (7756523.000.000) 2021-07-03 18:17:43 Job submitted from host: <10.14.0.99:9618?addrs=10.14.0.99-9618&alias=ldas-pcdev1.ligo.caltech.edu&noUDP&sock=schedd_11200_d8ce>
    DAG Node: eccn_data0_1126259462-4_generation_arg_0
...
001 (7756523.000.000) 2021-07-03 18:18:54 Job executing on host: <10.14.4.156:9618?addrs=10.14.4.156-9618&alias=node906.cluster.ldas.cit&noUDP&sock=startd_1810608_110a>
...
005 (7756523.000.000) 2021-07-03 18:19:19 Job terminated.
	(1) Normal termination (return value 0)
		Usr 0 00:00:08, Sys 0 00:00:01  -  Run Remote Usage
		Usr 0 00:00:00, Sys 0 00:00:00  -  Run Local Usage
		Usr 0 00:00:08, Sys 0 00:00:01  -  Total Remote Usage
		Usr 0 00:00:00, Sys 0 00:00:00  -  Total Local Usage
	0  -  Run Bytes Sent By Job
	0  -  Run Bytes Received By Job
	0  -  Total Bytes Sent By Job
	0  -  Total Bytes Received By Job
	Partitionable Resources :    Usage  Request Allocated 
	   Cpus                 :                 1         1 
	   Disk (KB)            :        1        1     50943 
	   GPUs                 :                           0 
	   Memory (MB)          :      115     8192      8192 

	Job terminated of its own accord at 2021-07-04T01:19:19Z.
...
000 (7756524.000.000) 2021-07-03 18:19:32 Job submitted from host: <10.14.0.99:9618?addrs=10.14.0.99-9618&alias=ldas-pcdev1.ligo.caltech.edu&noUDP&sock=schedd_11200_d8ce>
    DAG Node: eccn_data0_1126259462-4_analysis_H1L1_dynesty_arg_0
...
001 (7756524.000.000) 2021-07-03 18:20:11 Job executing on host: <10.14.9.136:9618?addrs=10.14.9.136-9618&alias=node2136.cluster.ldas.cit&noUDP&sock=startd_2360499_8df9>
...
005 (7756524.000.000) 2021-07-03 18:54:09 Job terminated.
	(1) Normal termination (return value 0)
		Usr 0 03:18:21, Sys 0 00:00:15  -  Run Remote Usage
		Usr 0 00:00:00, Sys 0 00:00:00  -  Run Local Usage
		Usr 0 03:18:21, Sys 0 00:00:15  -  Total Remote Usage
		Usr 0 00:00:00, Sys 0 00:00:00  -  Total Local Usage
	2407552  -  Run Bytes Sent By Job
	345381  -  Run Bytes Received By Job
	2407552  -  Total Bytes Sent By Job
	345381  -  Total Bytes Received By Job
	Partitionable Resources :    Usage  Request Allocated 
	   Cpus                 :     7.01        8         8 
	   Disk (KB)            :  2719         350    102126 
	   GPUs                 :                           0 
	   Memory (MB)          :   242        4096      4096 

	Job terminated of its own accord at 2021-07-04T01:54:05Z.
...
