000 (7680771.000.000) 2021-07-02 15:38:08 Job submitted from host: <10.14.0.99:9618?addrs=10.14.0.99-9618&alias=ldas-pcdev1.ligo.caltech.edu&noUDP&sock=schedd_11200_d8ce>
    DAG Node: eccn_data0_1126259462-4_generation_arg_0
...
001 (7680771.000.000) 2021-07-02 15:41:21 Job executing on host: <10.14.9.68:9618?addrs=10.14.9.68-9618&alias=node2068.cluster.ldas.cit&noUDP&sock=startd_3147270_0510>
...
005 (7680771.000.000) 2021-07-02 15:41:34 Job terminated.
	(1) Normal termination (return value 0)
		Usr 0 00:00:08, Sys 0 00:00:01  -  Run Remote Usage
		Usr 0 00:00:00, Sys 0 00:00:00  -  Run Local Usage
		Usr 0 00:00:08, Sys 0 00:00:01  -  Total Remote Usage
		Usr 0 00:00:00, Sys 0 00:00:00  -  Total Local Usage
	0  -  Run Bytes Sent By Job
	0  -  Run Bytes Received By Job
	0  -  Total Bytes Sent By Job
	0  -  Total Bytes Received By Job
	Partitionable Resources :    Usage  Request Allocated 
	   Cpus                 :                 1         1 
	   Disk (KB)            :        1        1    102118 
	   GPUs                 :                           0 
	   Memory (MB)          :      130     8192      8192 

	Job terminated of its own accord at 2021-07-02T22:41:34Z.
...
000 (7680925.000.000) 2021-07-02 15:41:43 Job submitted from host: <10.14.0.99:9618?addrs=10.14.0.99-9618&alias=ldas-pcdev1.ligo.caltech.edu&noUDP&sock=schedd_11200_d8ce>
    DAG Node: eccn_data0_1126259462-4_analysis_H1L1_dynesty_arg_0
...
001 (7680925.000.000) 2021-07-02 15:43:42 Job executing on host: <10.14.9.183:9618?addrs=10.14.9.183-9618&alias=node2183.cluster.ldas.cit&noUDP&sock=startd_2284634_798a>
...
005 (7680925.000.000) 2021-07-02 16:37:44 Job terminated.
	(1) Normal termination (return value 0)
		Usr 0 08:35:19, Sys 0 00:01:10  -  Run Remote Usage
		Usr 0 00:00:00, Sys 0 00:00:00  -  Run Local Usage
		Usr 0 08:35:19, Sys 0 00:01:10  -  Total Remote Usage
		Usr 0 00:00:00, Sys 0 00:00:00  -  Total Local Usage
	4314231  -  Run Bytes Sent By Job
	345297  -  Run Bytes Received By Job
	4314231  -  Total Bytes Sent By Job
	345297  -  Total Bytes Received By Job
	Partitionable Resources :    Usage  Request Allocated 
	   Cpus                 :    14.72       16        16 
	   Disk (KB)            :  4581         350    102118 
	   GPUs                 :                           0 
	   Memory (MB)          :   282        4096      4096 

	Job terminated of its own accord at 2021-07-02T23:37:44Z.
...
