13:34 INFO    : Waveform generator initiated with
  frequency_domain_source_model: __main__.eccentric_waveform
  time_domain_source_model: None
  parameter_conversion: bilby.gw.conversion.convert_to_lal_binary_black_hole_parameters
13:41 INFO    : Waveform generator initiated with
  frequency_domain_source_model: __main__.eccentric_waveform
  time_domain_source_model: None
  parameter_conversion: bilby.gw.conversion.convert_to_lal_binary_black_hole_parameters
13:42 WARNING : Injecting signal outside segment, start_time=1126259639.413, merger time=1126259642.413.
13:42 INFO    : Injected signal in H1:
13:42 INFO    :   optimal SNR = 3.82
13:42 INFO    :   matched filter SNR = 3.81-0.31j
13:42 INFO    :   mass_1 = 36.0
13:42 INFO    :   mass_2 = 29.0
13:42 INFO    :   eccentricity = 0.1
13:42 INFO    :   luminosity_distance = 4000.0
13:42 INFO    :   theta_jn = 0.4
13:42 INFO    :   psi = 2.659
13:42 INFO    :   phase = 1.3
13:42 INFO    :   geocent_time = 1126259642.413
13:42 INFO    :   ra = 1.375
13:42 INFO    :   dec = -1.2108
13:42 WARNING : Injecting signal outside segment, start_time=1126259639.413, merger time=1126259642.413.
13:42 INFO    : Injected signal in L1:
13:42 INFO    :   optimal SNR = 3.09
13:42 INFO    :   matched filter SNR = 3.28-0.63j
13:42 INFO    :   mass_1 = 36.0
13:42 INFO    :   mass_2 = 29.0
13:42 INFO    :   eccentricity = 0.1
13:42 INFO    :   luminosity_distance = 4000.0
13:42 INFO    :   theta_jn = 0.4
13:42 INFO    :   psi = 2.659
13:42 INFO    :   phase = 1.3
13:42 INFO    :   geocent_time = 1126259642.413
13:42 INFO    :   ra = 1.375
13:42 INFO    :   dec = -1.2108
13:42 INFO    : Running for label 'eccentric', output will be saved to 'outdir'
13:42 INFO    : Using lal version 6.21.0
13:42 INFO    : Using lal git version Branch: None;Tag: lal-v6.21.0;Id: 37caf89936b637993c30b3076fe4b853311873ee;;Builder: Adam Mercer <adam.mercer@ligo.org>;Repository status: CLEAN: All modifications committed
13:42 INFO    : Using lalsimulation version 1.10.0
13:42 INFO    : Using lalsimulation git version Branch: None;Tag: lalsimulation-v1.10.0;Id: 5bfe091197594d55cf634f8a1c004eb9dc9b6459;;Builder: Adam Mercer <adam.mercer@ligo.org>;Repository status: CLEAN: All modifications committed
13:42 INFO    : Search parameters:
13:42 INFO    :   eccentricity = Uniform(minimum=0.01, maximum=0.2, name='e', latex_label='e', unit=None, boundary=None)
13:42 INFO    :   mass_1 = 36.0
13:42 INFO    :   mass_2 = 29.0
13:42 INFO    :   luminosity_distance = 4000.0
13:42 INFO    :   theta_jn = 0.4
13:42 INFO    :   psi = 2.659
13:42 INFO    :   phase = 1.3
13:42 INFO    :   geocent_time = 1126259642.413
13:42 INFO    :   ra = 1.375
13:42 INFO    :   dec = -1.2108
01:44 INFO    : Waveform generator initiated with
  frequency_domain_source_model: __main__.eccentric_waveform
  time_domain_source_model: None
  parameter_conversion: bilby.gw.conversion.convert_to_lal_binary_black_hole_parameters
