08:14 bilby_pipe INFO    : Running bilby_pipe version: 1.0.1: (CLEAN) c4c6d92 2020-08-26 02:52:43 -0500
08:14 bilby_pipe INFO    : Running bilby: 1.0.1: release
08:14 bilby_pipe INFO    : Command line arguments: Namespace(accounting='ligo.sim.o3.cbc.pe.lalinference', calibration_model=None, catch_waveform_errors=False, channel_dict=None, coherence_test=False, condor_job_priority=0, convert_to_flat_in_component_mass=False, create_plots=False, create_summary=False, data_dict=None, data_dump_file=None, data_format=None, default_prior='BBHPriorDict', deltaT=0.2, detectors=['H1', 'L1'], distance_marginalization=False, distance_marginalization_lookup_table=None, duration=4.0, email=None, existing_dir=None, extra_likelihood_kwargs=None, frequency_domain_source_model='lal_binary_black_hole', gaussian_noise=True, generation_seed=None, gps_file=None, gps_tuple=None, idx=0, ignore_gwpy_data_quality_check=True, ini='outdir_bbh_injection/bbh_injection_config_complete.ini', injection=True, injection_dict=None, injection_file='outdir_bbh_injection/data/bbh_injection_injection_file.dat', injection_numbers=['None'], injection_waveform_approximant=None, jitter_time=True, label='bbh_injection_data0_0_generation', likelihood_type='GravitationalWaveTransient', local=False, local_generation=False, local_plot=False, log_directory=None, maximum_frequency=None, minimum_frequency='20', mode_array=[None], n_parallel=1, n_simulation=1, notification='Never', online_pe=False, osg=False, outdir='/home/hemantakumar.phurailatpam/bilby/bilby_pipe/examples/outdir_bbh_injection', periodic_restart_time=28800, phase_marginalization=False, plot_calibration=False, plot_corner=False, plot_format='png', plot_marginal=False, plot_skymap=False, plot_waveform=False, pn_amplitude_order=0, pn_phase_order=-1, pn_spin_order=-1, pn_tidal_order=-1, post_trigger_duration=2.0, postprocessing_arguments=None, postprocessing_executable=None, prior_dict=None, prior_file='/home/hemantakumar.phurailatpam/bilby/bilby_pipe/examples/bbh_simple_example.prior', psd_dict=None, psd_fractional_overlap=0.5, psd_length=32, psd_maximum_duration=1024, psd_method='median', psd_start_time=None, reference_frame='sky', reference_frequency=20.0, request_cpus=1, request_memory=4.0, request_memory_generation=None, resampling_method='lal', roq_folder=None, roq_scale_factor=1.0, roq_weights=None, sampler='dynesty', sampler_kwargs="{'nlive': 1000}", sampling_frequency=4096.0, sampling_seed=None, scheduler='condor', scheduler_analysis_time='7-00:00:00', scheduler_args=None, scheduler_env=None, scheduler_module=[None], single_postprocessing_arguments=None, single_postprocessing_executable=None, singularity_image=None, spline_calibration_amplitude_uncertainty_dict=None, spline_calibration_envelope_dict=None, spline_calibration_nodes=5, spline_calibration_phase_uncertainty_dict=None, submit=False, summarypages_arguments=None, time_marginalization=False, time_reference='geocent', timeslide_dict=None, timeslide_file=None, transfer_files=True, trigger_time='0', tukey_roll_off=0.4, verbose=False, waveform_approximant='IMRPhenomPv2', waveform_generator='bilby.gw.waveform_generator.WaveformGenerator', webdir=None, zero_noise=False)
08:14 bilby_pipe INFO    : Unknown command line arguments: []
08:14 bilby_pipe INFO    : Generation seed set to 465114
08:14 bilby_pipe INFO    : Setting trigger time 0.0
08:14 bilby_pipe INFO    : Setting prior-file to /home/hemantakumar.phurailatpam/bilby/bilby_pipe/examples/bbh_simple_example.prior
08:14 bilby_pipe INFO    : Setting segment duration 4.0s
08:14 bilby_pipe INFO    : No maximum frequency given. Setting to sampling frequency / 2 = 2048.0
08:14 bilby_pipe INFO    : PSD duration set to 128.0s, 32x the duration 4.0s
08:14 bilby_pipe INFO    : No calibration_model model provided, calibration marginalization will not be used
08:14 bilby_pipe INFO    : Injecting waveform with 
08:14 bilby_pipe INFO    : minimum_frequency = 20.0
08:14 bilby_pipe INFO    : maximum_frequency = 2048.0
08:14 bilby_pipe INFO    : trigger_time = 0.0
08:14 bilby_pipe INFO    : start_time = -2.0
08:14 bilby_pipe INFO    : duration = 4.0
/home/hemantakumar.phurailatpam/anaconda3/envs/bilby/lib/python3.7/site-packages/bilby/gw/detector/psd.py:356: RuntimeWarning: invalid value encountered in multiply
  frequency_domain_strain = self.__power_spectral_density_interpolated(frequencies) ** 0.5 * white_noise
08:14 bilby_pipe INFO    : Using waveform arguments: {'reference_frequency': 20.0, 'waveform_approximant': 'IMRPhenomPv2', 'minimum_frequency': 20.0, 'maximum_frequency': 2048.0, 'catch_waveform_errors': False, 'pn_spin_order': -1, 'pn_tidal_order': -1, 'pn_phase_order': -1, 'pn_amplitude_order': 0, 'mode_array': None}
08:14 bilby_pipe INFO    : Using the lal_binary_black_hole source model
08:14 bilby INFO    : Waveform generator initiated with
  frequency_domain_source_model: bilby.gw.source.lal_binary_black_hole
  time_domain_source_model: None
  parameter_conversion: bilby.gw.conversion.convert_to_lal_binary_black_hole_parameters
08:14 bilby INFO    : Injected signal in H1:
08:14 bilby INFO    :   optimal SNR = 1.96
08:14 bilby INFO    :   matched filter SNR = 1.94+1.10j
08:14 bilby INFO    :   mass_1 = 50.0
08:14 bilby INFO    :   mass_2 = 45.0
08:14 bilby INFO    :   a_1 = 0.0
08:14 bilby INFO    :   a_2 = 0.0
08:14 bilby INFO    :   tilt_1 = 0.0
08:14 bilby INFO    :   tilt_2 = 0.0
08:14 bilby INFO    :   phi_12 = 0.0
08:14 bilby INFO    :   phi_jl = 0.0
08:14 bilby INFO    :   luminosity_distance = 3721.815116599903
08:14 bilby INFO    :   dec = -0.2
08:14 bilby INFO    :   ra = 1.4
08:14 bilby INFO    :   theta_jn = 2.1998788870749046
08:14 bilby INFO    :   psi = 0.0
08:14 bilby INFO    :   phase = 0.0
08:14 bilby INFO    :   geocent_time = 0.0
08:14 bilby INFO    : Injected signal in L1:
08:14 bilby INFO    :   optimal SNR = 2.32
08:14 bilby INFO    :   matched filter SNR = 3.85-2.33j
08:14 bilby INFO    :   mass_1 = 50.0
08:14 bilby INFO    :   mass_2 = 45.0
08:14 bilby INFO    :   a_1 = 0.0
08:14 bilby INFO    :   a_2 = 0.0
08:14 bilby INFO    :   tilt_1 = 0.0
08:14 bilby INFO    :   tilt_2 = 0.0
08:14 bilby INFO    :   phi_12 = 0.0
08:14 bilby INFO    :   phi_jl = 0.0
08:14 bilby INFO    :   luminosity_distance = 3721.815116599903
08:14 bilby INFO    :   dec = -0.2
08:14 bilby INFO    :   ra = 1.4
08:14 bilby INFO    :   theta_jn = 2.1998788870749046
08:14 bilby INFO    :   psi = 0.0
08:14 bilby INFO    :   phase = 0.0
08:14 bilby INFO    :   geocent_time = 0.0
08:14 bilby_pipe INFO    : Using the lal_binary_black_hole source model
08:14 bilby INFO    : Waveform generator initiated with
  frequency_domain_source_model: bilby.gw.source.lal_binary_black_hole
  time_domain_source_model: None
  parameter_conversion: bilby.gw.conversion.convert_to_lal_binary_black_hole_parameters
08:14 bilby_pipe INFO    : Completed data generation
