000 (7756387.000.000) 2021-07-03 18:16:54 Job submitted from host: <10.14.0.99:9618?addrs=10.14.0.99-9618&alias=ldas-pcdev1.ligo.caltech.edu&noUDP&sock=schedd_11200_d8ce>
    DAG Node: eccn_data0_1126259463-9_analysis_H1L1_dynesty_arg_0
...
040 (7756387.000.000) 2021-07-03 18:17:35 Started transferring input files
	Transferring to host: <10.14.9.185:9618?addrs=10.14.9.185-9618&alias=node2185.cluster.ldas.cit&noUDP&sock=slot1_18_3453539_65ae_36826>
...
040 (7756387.000.000) 2021-07-03 18:17:35 Finished transferring input files
...
001 (7756387.000.000) 2021-07-03 18:17:35 Job executing on host: <10.14.9.185:9618?addrs=10.14.9.185-9618&alias=node2185.cluster.ldas.cit&noUDP&sock=startd_3453371_d86b>
...
006 (7756387.000.000) 2021-07-03 18:17:44 Image size of job updated: 154260
	113  -  MemoryUsage of job (MB)
	114884  -  ResidentSetSize of job (KB)
...
006 (7756387.000.000) 2021-07-03 18:22:44 Image size of job updated: 1486328
	113  -  MemoryUsage of job (MB)
	115216  -  ResidentSetSize of job (KB)
...
009 (7756063.000.000) 2021-07-03 18:24:23 Job was aborted.
	via condor_rm (by user hemantakumar.phurailatpam)
...
006 (7756387.000.000) 2021-07-03 18:27:45 Image size of job updated: 13574216
	152  -  MemoryUsage of job (MB)
	154700  -  ResidentSetSize of job (KB)
...
006 (7756387.000.000) 2021-07-03 18:32:46 Image size of job updated: 13574216
	152  -  MemoryUsage of job (MB)
	154984  -  ResidentSetSize of job (KB)
...
006 (7756387.000.000) 2021-07-03 18:37:47 Image size of job updated: 13743260
	228  -  MemoryUsage of job (MB)
	233164  -  ResidentSetSize of job (KB)
...
006 (7756387.000.000) 2021-07-03 18:42:47 Image size of job updated: 13743260
	228  -  MemoryUsage of job (MB)
	233196  -  ResidentSetSize of job (KB)
...
006 (7756387.000.000) 2021-07-03 18:47:48 Image size of job updated: 13757976
	243  -  MemoryUsage of job (MB)
	247956  -  ResidentSetSize of job (KB)
...
006 (7756387.000.000) 2021-07-03 18:52:49 Image size of job updated: 13757976
	243  -  MemoryUsage of job (MB)
	247960  -  ResidentSetSize of job (KB)
...
006 (7756387.000.000) 2021-07-03 18:57:49 Image size of job updated: 13773276
	258  -  MemoryUsage of job (MB)
	263280  -  ResidentSetSize of job (KB)
...
006 (7756387.000.000) 2021-07-03 19:02:49 Image size of job updated: 13773276
	260  -  MemoryUsage of job (MB)
	265236  -  ResidentSetSize of job (KB)
...
006 (7756387.000.000) 2021-07-03 19:07:50 Image size of job updated: 13774044
	262  -  MemoryUsage of job (MB)
	267464  -  ResidentSetSize of job (KB)
...
006 (7756387.000.000) 2021-07-03 19:17:51 Image size of job updated: 13774044
	262  -  MemoryUsage of job (MB)
	267640  -  ResidentSetSize of job (KB)
...
006 (7756387.000.000) 2021-07-03 19:27:52 Image size of job updated: 13777792
	266  -  MemoryUsage of job (MB)
	271504  -  ResidentSetSize of job (KB)
...
006 (7756387.000.000) 2021-07-03 19:32:52 Image size of job updated: 13777792
	266  -  MemoryUsage of job (MB)
	271540  -  ResidentSetSize of job (KB)
...
006 (7756387.000.000) 2021-07-03 19:42:53 Image size of job updated: 13788304
	276  -  MemoryUsage of job (MB)
	281868  -  ResidentSetSize of job (KB)
...
006 (7756387.000.000) 2021-07-03 19:57:54 Image size of job updated: 13788560
	276  -  MemoryUsage of job (MB)
	282328  -  ResidentSetSize of job (KB)
...
006 (7756387.000.000) 2021-07-03 20:47:59 Image size of job updated: 13788816
	276  -  MemoryUsage of job (MB)
	282516  -  ResidentSetSize of job (KB)
...
040 (7756387.000.000) 2021-07-04 01:35:33 Started transferring output files
...
040 (7756387.000.000) 2021-07-04 01:35:33 Finished transferring output files
...
005 (7756387.000.000) 2021-07-04 01:35:33 Job terminated.
	(1) Normal termination (return value 0)
		Usr 2 08:13:51, Sys 0 00:00:44  -  Run Remote Usage
		Usr 0 00:00:00, Sys 0 00:00:00  -  Run Local Usage
		Usr 2 08:13:51, Sys 0 00:00:44  -  Total Remote Usage
		Usr 0 00:00:00, Sys 0 00:00:00  -  Total Local Usage
	2954110  -  Run Bytes Sent By Job
	345381  -  Run Bytes Received By Job
	2954110  -  Total Bytes Sent By Job
	345381  -  Total Bytes Received By Job
	Partitionable Resources :    Usage  Request Allocated 
	   Cpus                 :     7.97        8         8 
	   Disk (KB)            :  3253         350    102124 
	   GPUs                 :                           0 
	   Memory (MB)          :   276        4096      4096 

	Job terminated of its own accord at 2021-07-04T08:35:33Z.
...
