000 (7756385.000.000) 2021-07-03 18:15:49 Job submitted from host: <10.14.0.99:9618?addrs=10.14.0.99-9618&alias=ldas-pcdev1.ligo.caltech.edu&noUDP&sock=schedd_11200_d8ce>
    DAG Node: eccn_data0_1126259463-9_generation_arg_0
...
001 (7756385.000.000) 2021-07-03 18:16:18 Job executing on host: <10.14.4.229:9618?addrs=10.14.4.229-9618&alias=node979.cluster.ldas.cit&noUDP&sock=startd_1183962_0861>
...
005 (7756385.000.000) 2021-07-03 18:16:45 Job terminated.
	(1) Normal termination (return value 0)
		Usr 0 00:00:08, Sys 0 00:00:01  -  Run Remote Usage
		Usr 0 00:00:00, Sys 0 00:00:00  -  Run Local Usage
		Usr 0 00:00:08, Sys 0 00:00:01  -  Total Remote Usage
		Usr 0 00:00:00, Sys 0 00:00:00  -  Total Local Usage
	0  -  Run Bytes Sent By Job
	0  -  Run Bytes Received By Job
	0  -  Total Bytes Sent By Job
	0  -  Total Bytes Received By Job
	Partitionable Resources :    Usage  Request Allocated 
	   Cpus                 :                 1         1 
	   Disk (KB)            :        1        1     50951 
	   GPUs                 :                           0 
	   Memory (MB)          :      119     8192      8192 

	Job terminated of its own accord at 2021-07-04T01:16:45Z.
...
000 (7756387.000.000) 2021-07-03 18:16:54 Job submitted from host: <10.14.0.99:9618?addrs=10.14.0.99-9618&alias=ldas-pcdev1.ligo.caltech.edu&noUDP&sock=schedd_11200_d8ce>
    DAG Node: eccn_data0_1126259463-9_analysis_H1L1_dynesty_arg_0
...
001 (7756387.000.000) 2021-07-03 18:17:35 Job executing on host: <10.14.9.185:9618?addrs=10.14.9.185-9618&alias=node2185.cluster.ldas.cit&noUDP&sock=startd_3453371_d86b>
...
009 (7756063.000.000) 2021-07-03 18:24:23 Job was aborted.
	via condor_rm (by user hemantakumar.phurailatpam)
...
005 (7756387.000.000) 2021-07-04 01:35:33 Job terminated.
	(1) Normal termination (return value 0)
		Usr 2 08:13:51, Sys 0 00:00:44  -  Run Remote Usage
		Usr 0 00:00:00, Sys 0 00:00:00  -  Run Local Usage
		Usr 2 08:13:51, Sys 0 00:00:44  -  Total Remote Usage
		Usr 0 00:00:00, Sys 0 00:00:00  -  Total Local Usage
	2954110  -  Run Bytes Sent By Job
	345381  -  Run Bytes Received By Job
	2954110  -  Total Bytes Sent By Job
	345381  -  Total Bytes Received By Job
	Partitionable Resources :    Usage  Request Allocated 
	   Cpus                 :     7.97        8         8 
	   Disk (KB)            :  3253         350    102124 
	   GPUs                 :                           0 
	   Memory (MB)          :   276        4096      4096 

	Job terminated of its own accord at 2021-07-04T08:35:33Z.
...
