07/03/21 18:15:48 ******************************************************
07/03/21 18:15:48 ** condor_scheduniv_exec.7756383.0 (CONDOR_DAGMAN) STARTING UP
07/03/21 18:15:48 ** /usr/bin/condor_dagman
07/03/21 18:15:48 ** SubsystemInfo: name=DAGMAN type=DAGMAN(10) class=DAEMON(1)
07/03/21 18:15:48 ** Configuration: subsystem:DAGMAN local:<NONE> class:DAEMON
07/03/21 18:15:48 ** $CondorVersion: 9.0.1 May 14 2021 BuildID: 541356 PackageID: 9.0.1-1 $
07/03/21 18:15:48 ** $CondorPlatform: x86_64_CentOS7 $
07/03/21 18:15:48 ** PID = 2457005
07/03/21 18:15:48 ** Log last touched time unavailable (No such file or directory)
07/03/21 18:15:48 ******************************************************
07/03/21 18:15:48 Using config source: /etc/condor/condor_config
07/03/21 18:15:48 Using local config sources: 
07/03/21 18:15:48    /etc/condor/config.d/00-htcondor-9.0.config
07/03/21 18:15:48    /etc/condor/config.d/00-ldas
07/03/21 18:15:48    /etc/condor/config.d/02-scheduler
07/03/21 18:15:48    /etc/condor/config.d/10-cgroup
07/03/21 18:15:48    /etc/condor/config.d/10-security
07/03/21 18:15:48    /etc/condor/config.d/30-scratch-mount
07/03/21 18:15:48    /etc/condor/config.d/40-oauth-credmon.conf
07/03/21 18:15:48    /etc/condor/config.d/40-oauth-tokens.conf
07/03/21 18:15:48    /etc/condor/config.d/99-memory
07/03/21 18:15:48    /etc/condor/config.d/99-transform
07/03/21 18:15:48    /etc/condor/condor_config.local
07/03/21 18:15:48 config Macros = 141, Sorted = 141, StringBytes = 5923, TablesBytes = 5196
07/03/21 18:15:48 CLASSAD_CACHING is ENABLED
07/03/21 18:15:48 Daemon Log is logging: D_ALWAYS D_ERROR
07/03/21 18:15:48 DaemonCore: No command port requested.
07/03/21 18:15:48 DAGMAN_USE_STRICT setting: 1
07/03/21 18:15:48 DAGMAN_VERBOSITY setting: 3
07/03/21 18:15:48 DAGMAN_DEBUG_CACHE_SIZE setting: 5242880
07/03/21 18:15:48 DAGMAN_DEBUG_CACHE_ENABLE setting: True
07/03/21 18:15:48 DAGMAN_SUBMIT_DELAY setting: 0
07/03/21 18:15:48 DAGMAN_MAX_SUBMIT_ATTEMPTS setting: 6
07/03/21 18:15:48 DAGMAN_STARTUP_CYCLE_DETECT setting: False
07/03/21 18:15:48 DAGMAN_MAX_SUBMITS_PER_INTERVAL setting: 100
07/03/21 18:15:48 DAGMAN_AGGRESSIVE_SUBMIT setting: False
07/03/21 18:15:48 DAGMAN_USER_LOG_SCAN_INTERVAL setting: 5
07/03/21 18:15:48 DAGMAN_QUEUE_UPDATE_INTERVAL setting: 300
07/03/21 18:15:48 DAGMAN_DEFAULT_PRIORITY setting: 0
07/03/21 18:15:48 DAGMAN_SUPPRESS_NOTIFICATION setting: True
07/03/21 18:15:48 allow_events (DAGMAN_ALLOW_EVENTS) setting: 114
07/03/21 18:15:48 DAGMAN_RETRY_SUBMIT_FIRST setting: True
07/03/21 18:15:48 DAGMAN_RETRY_NODE_FIRST setting: False
07/03/21 18:15:48 DAGMAN_MAX_JOBS_IDLE setting: 1000
07/03/21 18:15:48 DAGMAN_MAX_JOBS_SUBMITTED setting: 12000
07/03/21 18:15:48 DAGMAN_MAX_PRE_SCRIPTS setting: 20
07/03/21 18:15:48 DAGMAN_MAX_POST_SCRIPTS setting: 20
07/03/21 18:15:48 DAGMAN_MAX_HOLD_SCRIPTS setting: 20
07/03/21 18:15:48 DAGMAN_MUNGE_NODE_NAMES setting: True
07/03/21 18:15:48 DAGMAN_PROHIBIT_MULTI_JOBS setting: False
07/03/21 18:15:48 DAGMAN_SUBMIT_DEPTH_FIRST setting: True
07/03/21 18:15:48 DAGMAN_ALWAYS_RUN_POST setting: False
07/03/21 18:15:48 DAGMAN_CONDOR_SUBMIT_EXE setting: /usr/bin/condor_submit
07/03/21 18:15:48 DAGMAN_USE_CONDOR_SUBMIT setting: True
07/03/21 18:15:48 DAGMAN_ABORT_DUPLICATES setting: True
07/03/21 18:15:48 DAGMAN_ABORT_ON_SCARY_SUBMIT setting: True
07/03/21 18:15:48 DAGMAN_PENDING_REPORT_INTERVAL setting: 600
07/03/21 18:15:48 DAGMAN_AUTO_RESCUE setting: True
07/03/21 18:15:48 DAGMAN_MAX_RESCUE_NUM setting: 100
07/03/21 18:15:48 DAGMAN_WRITE_PARTIAL_RESCUE setting: True
07/03/21 18:15:48 DAGMAN_DEFAULT_NODE_LOG setting: @(DAG_DIR)/@(DAG_FILE).nodes.log
07/03/21 18:15:48 DAGMAN_GENERATE_SUBDAG_SUBMITS setting: True
07/03/21 18:15:48 DAGMAN_MAX_JOB_HOLDS setting: 100
07/03/21 18:15:48 DAGMAN_HOLD_CLAIM_TIME setting: 20
07/03/21 18:15:48 ALL_DEBUG setting: 
07/03/21 18:15:48 DAGMAN_DEBUG setting: 
07/03/21 18:15:48 DAGMAN_SUPPRESS_JOB_LOGS setting: False
07/03/21 18:15:48 DAGMAN_REMOVE_NODE_JOBS setting: True
07/03/21 18:15:48 DAGMAN will adjust edges after parsing
07/03/21 18:15:48 Enabling log line cache for increased NFS performance.
07/03/21 18:15:48 argv[0] == "condor_scheduniv_exec.7756383.0"
07/03/21 18:15:48 argv[1] == "-Lockfile"
07/03/21 18:15:48 argv[2] == "outdir_com/submit/dag_eccn.submit.lock"
07/03/21 18:15:48 argv[3] == "-AutoRescue"
07/03/21 18:15:48 argv[4] == "1"
07/03/21 18:15:48 argv[5] == "-DoRescueFrom"
07/03/21 18:15:48 argv[6] == "0"
07/03/21 18:15:48 argv[7] == "-Dag"
07/03/21 18:15:48 argv[8] == "outdir_com/submit/dag_eccn.submit"
07/03/21 18:15:48 argv[9] == "-Suppress_notification"
07/03/21 18:15:48 argv[10] == "-CsdVersion"
07/03/21 18:15:48 argv[11] == "$CondorVersion: 9.0.1 May 14 2021 BuildID: 541356 PackageID: 9.0.1-1 $"
07/03/21 18:15:48 argv[12] == "-Dagman"
07/03/21 18:15:48 argv[13] == "/usr/bin/condor_dagman"
07/03/21 18:15:48 Can't open directory "/etc/condor/passwords.d" as PRIV_ROOT, errno: 13 (Permission denied)
07/03/21 18:15:48 Can't open directory "/etc/condor/passwords.d" as PRIV_ROOT, errno: 13 (Permission denied)
07/03/21 18:15:48 Workflow batch-id: <7756383.0>
07/03/21 18:15:48 Workflow batch-name: <dag_eccn.submit+7756383>
07/03/21 18:15:48 Workflow accounting_group: <>
07/03/21 18:15:48 Workflow accounting_group_user: <>
07/03/21 18:15:48 Warning: failed to get attribute DAGNodeName
07/03/21 18:15:48 DAGMAN_LOG_ON_NFS_IS_ERROR setting: False
07/03/21 18:15:48 Default node log file is: </home/hemantakumar.phurailatpam/bilby/bilby_pipe/eccn2/outdir_com/submit/dag_eccn.submit.nodes.log>
07/03/21 18:15:48 DAG Lockfile will be written to outdir_com/submit/dag_eccn.submit.lock
07/03/21 18:15:48 DAG Input file is outdir_com/submit/dag_eccn.submit
07/03/21 18:15:48 Parsing 1 dagfiles
07/03/21 18:15:48 Parsing outdir_com/submit/dag_eccn.submit ...
07/03/21 18:15:48 Adjusting edges
07/03/21 18:15:48 Dag contains 2 total jobs
07/03/21 18:15:48 Bootstrapping...
07/03/21 18:15:48 Number of pre-completed nodes: 0
07/03/21 18:15:48 MultiLogFiles: truncating log file /home/hemantakumar.phurailatpam/bilby/bilby_pipe/eccn2/outdir_com/submit/dag_eccn.submit.nodes.log
07/03/21 18:15:48 DAG status: 0 (DAG_STATUS_OK)
07/03/21 18:15:48 Of 2 nodes total:
07/03/21 18:15:48  Done     Pre   Queued    Post   Ready   Un-Ready   Failed
07/03/21 18:15:48   ===     ===      ===     ===     ===        ===      ===
07/03/21 18:15:48     0       0        0       0       1          1        0
07/03/21 18:15:48 0 job proc(s) currently held
07/03/21 18:15:48 DAGMan Runtime Statistics: [ EventCycleTimeCount = 0.0; EventCycleTimeSum = 0.0; LogProcessCycleTimeCount = 0.0; LogProcessCycleTimeSum = 0.0; SleepCycleTimeCount = 0.0; SleepCycleTimeSum = 0.0; SubmitCycleTimeCount = 0.0; SubmitCycleTimeSum = 0.0; ]
07/03/21 18:15:48 Registering condor_event_timer...
07/03/21 18:15:49 Submitting HTCondor Node eccn_data0_1126259463-9_generation_arg_0 job(s)...
07/03/21 18:15:49 Adding a DAGMan workflow log /home/hemantakumar.phurailatpam/bilby/bilby_pipe/eccn2/outdir_com/submit/dag_eccn.submit.nodes.log
07/03/21 18:15:49 Masking the events recorded in the DAGMAN workflow log
07/03/21 18:15:49 Mask for workflow log is 0,1,2,4,5,7,9,10,11,12,13,16,17,24,27,35,36
07/03/21 18:15:49 submitting: /usr/bin/condor_submit -a dag_node_name' '=' 'eccn_data0_1126259463-9_generation_arg_0 -a +DAGManJobId' '=' '7756383 -a DAGManJobId' '=' '7756383 -batch-name dag_eccn.submit+7756383 -batch-id 7756383.0 -a submit_event_notes' '=' 'DAG' 'Node:' 'eccn_data0_1126259463-9_generation_arg_0 -a dagman_log' '=' '/home/hemantakumar.phurailatpam/bilby/bilby_pipe/eccn2/outdir_com/submit/dag_eccn.submit.nodes.log -a +DAGManNodesMask' '=' '"0,1,2,4,5,7,9,10,11,12,13,16,17,24,27,35,36" -a JOB=eccn_data0_1126259463-9_generation_arg_0 -a ARGS' '=' 'outdir_com/eccn_config_complete.ini' '--label' 'eccn_data0_1126259463-9_generation' '--idx' '0' '--trigger-time' '1126259463.9 -a DAG_STATUS' '=' '0 -a FAILED_COUNT' '=' '0 -a +KeepClaimIdle' '=' '20 -a notification' '=' 'never -a +DAGParentNodeNames' '=' '"" outdir_com/submit/eccn_data0_1126259463-9_generation.submit
07/03/21 18:15:49 From submit: Submitting job(s).
07/03/21 18:15:49 From submit: 1 job(s) submitted to cluster 7756385.
07/03/21 18:15:49 From submit: WARNING: the line 'JOB = eccn_data0_1126259463-9_generation_arg_0' was unused by condor_submit. Is it a typo?
07/03/21 18:15:49 	assigned HTCondor ID (7756385.0.0)
07/03/21 18:15:49 Just submitted 1 job this cycle...
07/03/21 18:15:49 DAG status: 0 (DAG_STATUS_OK)
07/03/21 18:15:49 Of 2 nodes total:
07/03/21 18:15:49  Done     Pre   Queued    Post   Ready   Un-Ready   Failed
07/03/21 18:15:49   ===     ===      ===     ===     ===        ===      ===
07/03/21 18:15:49     0       0        1       0       0          1        0
07/03/21 18:15:49 0 job proc(s) currently held
07/03/21 18:15:49 DAGMan Runtime Statistics: [ EventCycleTimeCount = 0.0; EventCycleTimeSum = 0.0; LogProcessCycleTimeCount = 0.0; LogProcessCycleTimeSum = 0.0; SleepCycleTimeCount = 0.0; SleepCycleTimeSum = 0.0; SubmitCycleTimeAvg = 0.06937694549560547; SubmitCycleTimeCount = 1.0; SubmitCycleTimeMax = 0.06937694549560547; SubmitCycleTimeMin = 0.06937694549560547; SubmitCycleTimeStd = 0.06937694549560547; SubmitCycleTimeSum = 0.06937694549560547; ]
07/03/21 18:15:54 Currently monitoring 1 HTCondor log file(s)
07/03/21 18:15:54 Reassigning the id of job eccn_data0_1126259463-9_generation_arg_0 from (7756385.0.0) to (7756385.0.0)
07/03/21 18:15:54 Event: ULOG_SUBMIT for HTCondor Node eccn_data0_1126259463-9_generation_arg_0 (7756385.0.0) {07/03/21 18:15:49}
07/03/21 18:15:54 Number of idle job procs: 1
07/03/21 18:16:19 Currently monitoring 1 HTCondor log file(s)
07/03/21 18:16:19 Event: ULOG_EXECUTE for HTCondor Node eccn_data0_1126259463-9_generation_arg_0 (7756385.0.0) {07/03/21 18:16:18}
07/03/21 18:16:19 Number of idle job procs: 0
07/03/21 18:16:49 Currently monitoring 1 HTCondor log file(s)
07/03/21 18:16:49 Event: ULOG_JOB_TERMINATED for HTCondor Node eccn_data0_1126259463-9_generation_arg_0 (7756385.0.0) {07/03/21 18:16:45}
07/03/21 18:16:49 Number of idle job procs: 0
07/03/21 18:16:49 Node eccn_data0_1126259463-9_generation_arg_0 job proc (7756385.0.0) completed successfully.
07/03/21 18:16:49 Node eccn_data0_1126259463-9_generation_arg_0 job completed
07/03/21 18:16:49 DAG status: 0 (DAG_STATUS_OK)
07/03/21 18:16:49 Of 2 nodes total:
07/03/21 18:16:49  Done     Pre   Queued    Post   Ready   Un-Ready   Failed
07/03/21 18:16:49   ===     ===      ===     ===     ===        ===      ===
07/03/21 18:16:49     1       0        0       0       1          0        0
07/03/21 18:16:49 0 job proc(s) currently held
07/03/21 18:16:49 DAGMan Runtime Statistics: [ EventCycleTimeAvg = 0.006279289722442627; EventCycleTimeCount = 12.0; EventCycleTimeMax = 0.06958603858947754; EventCycleTimeMin = 3.004074096679688E-05; EventCycleTimeStd = 0.01995212314771915; EventCycleTimeSum = 0.07535147666931152; LogProcessCycleTimeAvg = 0.001075585683186849; LogProcessCycleTimeCount = 3.0; LogProcessCycleTimeMax = 0.002759933471679688; LogProcessCycleTimeMin = 0.0002329349517822266; LogProcessCycleTimeStd = 0.00145868805158067; LogProcessCycleTimeSum = 0.003226757049560547; SleepCycleTimeAvg = 5.004884978135427; SleepCycleTimeCount = 12.0; SleepCycleTimeMax = 5.005596876144409; SleepCycleTimeMin = 5.004190921783447; SleepCycleTimeStd = 0.0004012617397386223; SleepCycleTimeSum = 60.05861973762512; SubmitCycleTimeAvg = 0.005403445317195012; SubmitCycleTimeCount = 13.0; SubmitCycleTimeMax = 0.06937694549560547; SubmitCycleTimeMin = 1.382827758789062E-05; SubmitCycleTimeStd = 0.01922204490501956; SubmitCycleTimeSum = 0.07024478912353516; ]
07/03/21 18:16:54 Submitting HTCondor Node eccn_data0_1126259463-9_analysis_H1L1_dynesty_arg_0 job(s)...
07/03/21 18:16:54 Adding a DAGMan workflow log /home/hemantakumar.phurailatpam/bilby/bilby_pipe/eccn2/outdir_com/submit/dag_eccn.submit.nodes.log
07/03/21 18:16:54 Masking the events recorded in the DAGMAN workflow log
07/03/21 18:16:54 Mask for workflow log is 0,1,2,4,5,7,9,10,11,12,13,16,17,24,27,35,36
07/03/21 18:16:54 submitting: /usr/bin/condor_submit -a dag_node_name' '=' 'eccn_data0_1126259463-9_analysis_H1L1_dynesty_arg_0 -a +DAGManJobId' '=' '7756383 -a DAGManJobId' '=' '7756383 -batch-name dag_eccn.submit+7756383 -batch-id 7756383.0 -a submit_event_notes' '=' 'DAG' 'Node:' 'eccn_data0_1126259463-9_analysis_H1L1_dynesty_arg_0 -a dagman_log' '=' '/home/hemantakumar.phurailatpam/bilby/bilby_pipe/eccn2/outdir_com/submit/dag_eccn.submit.nodes.log -a +DAGManNodesMask' '=' '"0,1,2,4,5,7,9,10,11,12,13,16,17,24,27,35,36" -a JOB=eccn_data0_1126259463-9_analysis_H1L1_dynesty_arg_0 -a ARGS' '=' 'outdir_com/eccn_config_complete.ini' '--outdir' 'outdir_com' '--detectors' 'H1' '--detectors' 'L1' '--label' 'eccn_data0_1126259463-9_analysis_H1L1_dynesty' '--data-dump-file' 'outdir_com/data/eccn_data0_1126259463-9_generation_data_dump.pickle' '--sampler' 'dynesty -a DAG_STATUS' '=' '0 -a FAILED_COUNT' '=' '0 -a notification' '=' 'never -a +DAGParentNodeNames' '=' '"eccn_data0_1126259463-9_generation_arg_0" outdir_com/submit/eccn_data0_1126259463-9_analysis_H1L1_dynesty.submit
07/03/21 18:16:54 From submit: Submitting job(s).
07/03/21 18:16:54 From submit: 1 job(s) submitted to cluster 7756387.
07/03/21 18:16:54 From submit: WARNING: the line 'JOB = eccn_data0_1126259463-9_analysis_H1L1_dynesty_arg_0' was unused by condor_submit. Is it a typo?
07/03/21 18:16:54 	assigned HTCondor ID (7756387.0.0)
07/03/21 18:16:54 Just submitted 1 job this cycle...
07/03/21 18:16:54 DAG status: 0 (DAG_STATUS_OK)
07/03/21 18:16:54 Of 2 nodes total:
07/03/21 18:16:54  Done     Pre   Queued    Post   Ready   Un-Ready   Failed
07/03/21 18:16:54   ===     ===      ===     ===     ===        ===      ===
07/03/21 18:16:54     1       0        1       0       0          0        0
07/03/21 18:16:54 0 job proc(s) currently held
07/03/21 18:16:54 DAGMan Runtime Statistics: [ EventCycleTimeAvg = 0.00587003047649677; EventCycleTimeCount = 13.0; EventCycleTimeMax = 0.06958603858947754; EventCycleTimeMin = 3.004074096679688E-05; EventCycleTimeStd = 0.01915961100740399; EventCycleTimeSum = 0.07631039619445801; LogProcessCycleTimeAvg = 0.001075585683186849; LogProcessCycleTimeCount = 3.0; LogProcessCycleTimeMax = 0.002759933471679688; LogProcessCycleTimeMin = 0.0002329349517822266; LogProcessCycleTimeStd = 0.00145868805158067; LogProcessCycleTimeSum = 0.003226757049560547; SleepCycleTimeAvg = 5.004835825700026; SleepCycleTimeCount = 13.0; SleepCycleTimeMax = 5.005596876144409; SleepCycleTimeMin = 5.004190921783447; SleepCycleTimeStd = 0.0004230849873744752; SleepCycleTimeSum = 65.06286573410034; SubmitCycleTimeAvg = 0.02299555710383824; SubmitCycleTimeCount = 14.0; SubmitCycleTimeMax = 0.2516930103302002; SubmitCycleTimeMin = 1.382827758789062E-05; SubmitCycleTimeStd = 0.06836533106922962; SubmitCycleTimeSum = 0.3219377994537354; ]
07/03/21 18:16:59 Currently monitoring 1 HTCondor log file(s)
07/03/21 18:16:59 Reassigning the id of job eccn_data0_1126259463-9_analysis_H1L1_dynesty_arg_0 from (7756387.0.0) to (7756387.0.0)
07/03/21 18:16:59 Event: ULOG_SUBMIT for HTCondor Node eccn_data0_1126259463-9_analysis_H1L1_dynesty_arg_0 (7756387.0.0) {07/03/21 18:16:54}
07/03/21 18:16:59 Number of idle job procs: 1
07/03/21 18:17:39 Currently monitoring 1 HTCondor log file(s)
07/03/21 18:17:39 Event: ULOG_EXECUTE for HTCondor Node eccn_data0_1126259463-9_analysis_H1L1_dynesty_arg_0 (7756387.0.0) {07/03/21 18:17:35}
07/03/21 18:17:39 Number of idle job procs: 0
07/03/21 18:24:24 Currently monitoring 1 HTCondor log file(s)
07/03/21 18:24:24 ERROR: node for condor ID 7756063.0.0 not found! (might be because of node retries)
07/03/21 18:24:24 Event: ULOG_JOB_ABORTED for unknown Node (7756063.0.0) {07/03/21 18:24:23}: ignoring...
07/03/21 18:34:25 601 seconds since last log event
07/03/21 18:34:25 Pending DAG nodes:
07/03/21 18:34:25   Node eccn_data0_1126259463-9_analysis_H1L1_dynesty_arg_0, HTCondor ID 7756387, status STATUS_SUBMITTED
07/03/21 18:44:26 1202 seconds since last log event
07/03/21 18:44:26 Pending DAG nodes:
07/03/21 18:44:26   Node eccn_data0_1126259463-9_analysis_H1L1_dynesty_arg_0, HTCondor ID 7756387, status STATUS_SUBMITTED
07/03/21 18:54:26 1802 seconds since last log event
07/03/21 18:54:26 Pending DAG nodes:
07/03/21 18:54:26   Node eccn_data0_1126259463-9_analysis_H1L1_dynesty_arg_0, HTCondor ID 7756387, status STATUS_SUBMITTED
07/03/21 19:04:27 2403 seconds since last log event
07/03/21 19:04:27 Pending DAG nodes:
07/03/21 19:04:27   Node eccn_data0_1126259463-9_analysis_H1L1_dynesty_arg_0, HTCondor ID 7756387, status STATUS_SUBMITTED
07/03/21 19:14:28 3004 seconds since last log event
07/03/21 19:14:28 Pending DAG nodes:
07/03/21 19:14:28   Node eccn_data0_1126259463-9_analysis_H1L1_dynesty_arg_0, HTCondor ID 7756387, status STATUS_SUBMITTED
07/03/21 19:24:29 3605 seconds since last log event
07/03/21 19:24:29 Pending DAG nodes:
07/03/21 19:24:29   Node eccn_data0_1126259463-9_analysis_H1L1_dynesty_arg_0, HTCondor ID 7756387, status STATUS_SUBMITTED
07/03/21 19:34:29 4205 seconds since last log event
07/03/21 19:34:29 Pending DAG nodes:
07/03/21 19:34:29   Node eccn_data0_1126259463-9_analysis_H1L1_dynesty_arg_0, HTCondor ID 7756387, status STATUS_SUBMITTED
07/03/21 19:44:30 4806 seconds since last log event
07/03/21 19:44:30 Pending DAG nodes:
07/03/21 19:44:30   Node eccn_data0_1126259463-9_analysis_H1L1_dynesty_arg_0, HTCondor ID 7756387, status STATUS_SUBMITTED
07/03/21 19:54:30 5406 seconds since last log event
07/03/21 19:54:30 Pending DAG nodes:
07/03/21 19:54:30   Node eccn_data0_1126259463-9_analysis_H1L1_dynesty_arg_0, HTCondor ID 7756387, status STATUS_SUBMITTED
07/03/21 20:04:31 6007 seconds since last log event
07/03/21 20:04:31 Pending DAG nodes:
07/03/21 20:04:31   Node eccn_data0_1126259463-9_analysis_H1L1_dynesty_arg_0, HTCondor ID 7756387, status STATUS_SUBMITTED
07/03/21 20:14:32 6608 seconds since last log event
07/03/21 20:14:32 Pending DAG nodes:
07/03/21 20:14:32   Node eccn_data0_1126259463-9_analysis_H1L1_dynesty_arg_0, HTCondor ID 7756387, status STATUS_SUBMITTED
07/03/21 20:24:32 7208 seconds since last log event
07/03/21 20:24:32 Pending DAG nodes:
07/03/21 20:24:32   Node eccn_data0_1126259463-9_analysis_H1L1_dynesty_arg_0, HTCondor ID 7756387, status STATUS_SUBMITTED
07/03/21 20:34:33 7809 seconds since last log event
07/03/21 20:34:33 Pending DAG nodes:
07/03/21 20:34:33   Node eccn_data0_1126259463-9_analysis_H1L1_dynesty_arg_0, HTCondor ID 7756387, status STATUS_SUBMITTED
07/03/21 20:44:34 8410 seconds since last log event
07/03/21 20:44:34 Pending DAG nodes:
07/03/21 20:44:34   Node eccn_data0_1126259463-9_analysis_H1L1_dynesty_arg_0, HTCondor ID 7756387, status STATUS_SUBMITTED
07/03/21 20:54:34 9010 seconds since last log event
07/03/21 20:54:34 Pending DAG nodes:
07/03/21 20:54:34   Node eccn_data0_1126259463-9_analysis_H1L1_dynesty_arg_0, HTCondor ID 7756387, status STATUS_SUBMITTED
07/03/21 21:04:34 9610 seconds since last log event
07/03/21 21:04:34 Pending DAG nodes:
07/03/21 21:04:34   Node eccn_data0_1126259463-9_analysis_H1L1_dynesty_arg_0, HTCondor ID 7756387, status STATUS_SUBMITTED
07/03/21 21:14:35 10211 seconds since last log event
07/03/21 21:14:35 Pending DAG nodes:
07/03/21 21:14:35   Node eccn_data0_1126259463-9_analysis_H1L1_dynesty_arg_0, HTCondor ID 7756387, status STATUS_SUBMITTED
07/03/21 21:24:35 10811 seconds since last log event
07/03/21 21:24:35 Pending DAG nodes:
07/03/21 21:24:35   Node eccn_data0_1126259463-9_analysis_H1L1_dynesty_arg_0, HTCondor ID 7756387, status STATUS_SUBMITTED
07/03/21 21:34:35 11411 seconds since last log event
07/03/21 21:34:35 Pending DAG nodes:
07/03/21 21:34:35   Node eccn_data0_1126259463-9_analysis_H1L1_dynesty_arg_0, HTCondor ID 7756387, status STATUS_SUBMITTED
07/03/21 21:44:36 12012 seconds since last log event
07/03/21 21:44:36 Pending DAG nodes:
07/03/21 21:44:36   Node eccn_data0_1126259463-9_analysis_H1L1_dynesty_arg_0, HTCondor ID 7756387, status STATUS_SUBMITTED
07/03/21 21:54:37 12613 seconds since last log event
07/03/21 21:54:37 Pending DAG nodes:
07/03/21 21:54:37   Node eccn_data0_1126259463-9_analysis_H1L1_dynesty_arg_0, HTCondor ID 7756387, status STATUS_SUBMITTED
07/03/21 22:04:37 13213 seconds since last log event
07/03/21 22:04:37 Pending DAG nodes:
07/03/21 22:04:37   Node eccn_data0_1126259463-9_analysis_H1L1_dynesty_arg_0, HTCondor ID 7756387, status STATUS_SUBMITTED
07/03/21 22:14:38 13814 seconds since last log event
07/03/21 22:14:38 Pending DAG nodes:
07/03/21 22:14:38   Node eccn_data0_1126259463-9_analysis_H1L1_dynesty_arg_0, HTCondor ID 7756387, status STATUS_SUBMITTED
07/03/21 22:24:39 14415 seconds since last log event
07/03/21 22:24:39 Pending DAG nodes:
07/03/21 22:24:39   Node eccn_data0_1126259463-9_analysis_H1L1_dynesty_arg_0, HTCondor ID 7756387, status STATUS_SUBMITTED
07/03/21 22:34:40 15016 seconds since last log event
07/03/21 22:34:40 Pending DAG nodes:
07/03/21 22:34:40   Node eccn_data0_1126259463-9_analysis_H1L1_dynesty_arg_0, HTCondor ID 7756387, status STATUS_SUBMITTED
07/03/21 22:44:40 15616 seconds since last log event
07/03/21 22:44:40 Pending DAG nodes:
07/03/21 22:44:40   Node eccn_data0_1126259463-9_analysis_H1L1_dynesty_arg_0, HTCondor ID 7756387, status STATUS_SUBMITTED
07/03/21 22:54:41 16217 seconds since last log event
07/03/21 22:54:41 Pending DAG nodes:
07/03/21 22:54:41   Node eccn_data0_1126259463-9_analysis_H1L1_dynesty_arg_0, HTCondor ID 7756387, status STATUS_SUBMITTED
07/03/21 23:04:42 16818 seconds since last log event
07/03/21 23:04:42 Pending DAG nodes:
07/03/21 23:04:42   Node eccn_data0_1126259463-9_analysis_H1L1_dynesty_arg_0, HTCondor ID 7756387, status STATUS_SUBMITTED
07/03/21 23:14:42 17418 seconds since last log event
07/03/21 23:14:42 Pending DAG nodes:
07/03/21 23:14:42   Node eccn_data0_1126259463-9_analysis_H1L1_dynesty_arg_0, HTCondor ID 7756387, status STATUS_SUBMITTED
07/03/21 23:24:43 18019 seconds since last log event
07/03/21 23:24:43 Pending DAG nodes:
07/03/21 23:24:43   Node eccn_data0_1126259463-9_analysis_H1L1_dynesty_arg_0, HTCondor ID 7756387, status STATUS_SUBMITTED
07/03/21 23:34:44 18620 seconds since last log event
07/03/21 23:34:44 Pending DAG nodes:
07/03/21 23:34:44   Node eccn_data0_1126259463-9_analysis_H1L1_dynesty_arg_0, HTCondor ID 7756387, status STATUS_SUBMITTED
07/03/21 23:44:44 19220 seconds since last log event
07/03/21 23:44:44 Pending DAG nodes:
07/03/21 23:44:44   Node eccn_data0_1126259463-9_analysis_H1L1_dynesty_arg_0, HTCondor ID 7756387, status STATUS_SUBMITTED
07/03/21 23:54:45 19821 seconds since last log event
07/03/21 23:54:45 Pending DAG nodes:
07/03/21 23:54:45   Node eccn_data0_1126259463-9_analysis_H1L1_dynesty_arg_0, HTCondor ID 7756387, status STATUS_SUBMITTED
07/04/21 00:04:45 20421 seconds since last log event
07/04/21 00:04:45 Pending DAG nodes:
07/04/21 00:04:45   Node eccn_data0_1126259463-9_analysis_H1L1_dynesty_arg_0, HTCondor ID 7756387, status STATUS_SUBMITTED
07/04/21 00:14:46 21022 seconds since last log event
07/04/21 00:14:46 Pending DAG nodes:
07/04/21 00:14:46   Node eccn_data0_1126259463-9_analysis_H1L1_dynesty_arg_0, HTCondor ID 7756387, status STATUS_SUBMITTED
07/04/21 00:24:47 21623 seconds since last log event
07/04/21 00:24:47 Pending DAG nodes:
07/04/21 00:24:47   Node eccn_data0_1126259463-9_analysis_H1L1_dynesty_arg_0, HTCondor ID 7756387, status STATUS_SUBMITTED
07/04/21 00:34:47 22223 seconds since last log event
07/04/21 00:34:47 Pending DAG nodes:
07/04/21 00:34:47   Node eccn_data0_1126259463-9_analysis_H1L1_dynesty_arg_0, HTCondor ID 7756387, status STATUS_SUBMITTED
07/04/21 00:44:48 22824 seconds since last log event
07/04/21 00:44:48 Pending DAG nodes:
07/04/21 00:44:48   Node eccn_data0_1126259463-9_analysis_H1L1_dynesty_arg_0, HTCondor ID 7756387, status STATUS_SUBMITTED
07/04/21 00:54:49 23425 seconds since last log event
07/04/21 00:54:49 Pending DAG nodes:
07/04/21 00:54:49   Node eccn_data0_1126259463-9_analysis_H1L1_dynesty_arg_0, HTCondor ID 7756387, status STATUS_SUBMITTED
07/04/21 01:04:49 24025 seconds since last log event
07/04/21 01:04:49 Pending DAG nodes:
07/04/21 01:04:49   Node eccn_data0_1126259463-9_analysis_H1L1_dynesty_arg_0, HTCondor ID 7756387, status STATUS_SUBMITTED
07/04/21 01:14:49 24625 seconds since last log event
07/04/21 01:14:49 Pending DAG nodes:
07/04/21 01:14:49   Node eccn_data0_1126259463-9_analysis_H1L1_dynesty_arg_0, HTCondor ID 7756387, status STATUS_SUBMITTED
07/04/21 01:24:50 25226 seconds since last log event
07/04/21 01:24:50 Pending DAG nodes:
07/04/21 01:24:50   Node eccn_data0_1126259463-9_analysis_H1L1_dynesty_arg_0, HTCondor ID 7756387, status STATUS_SUBMITTED
07/04/21 01:34:50 25826 seconds since last log event
07/04/21 01:34:50 Pending DAG nodes:
07/04/21 01:34:50   Node eccn_data0_1126259463-9_analysis_H1L1_dynesty_arg_0, HTCondor ID 7756387, status STATUS_SUBMITTED
07/04/21 01:35:36 Currently monitoring 1 HTCondor log file(s)
07/04/21 01:35:36 Event: ULOG_JOB_TERMINATED for HTCondor Node eccn_data0_1126259463-9_analysis_H1L1_dynesty_arg_0 (7756387.0.0) {07/04/21 01:35:33}
07/04/21 01:35:36 Number of idle job procs: 0
07/04/21 01:35:36 Node eccn_data0_1126259463-9_analysis_H1L1_dynesty_arg_0 job proc (7756387.0.0) completed successfully.
07/04/21 01:35:36 Node eccn_data0_1126259463-9_analysis_H1L1_dynesty_arg_0 job completed
07/04/21 01:35:36 DAG status: 0 (DAG_STATUS_OK)
07/04/21 01:35:36 Of 2 nodes total:
07/04/21 01:35:36  Done     Pre   Queued    Post   Ready   Un-Ready   Failed
07/04/21 01:35:36   ===     ===      ===     ===     ===        ===      ===
07/04/21 01:35:36     2       0        0       0       0          0        0
07/04/21 01:35:36 0 job proc(s) currently held
07/04/21 01:35:36 DAGMan Runtime Statistics: [ EventCycleTimeAvg = 0.001510659831001283; EventCycleTimeCount = 5271.0; EventCycleTimeMax = 5.033287048339844; EventCycleTimeMin = 1.382827758789062E-05; EventCycleTimeStd = 0.06960061874660071; EventCycleTimeSum = 7.962687969207764; LogProcessCycleTimeAvg = 0.0006273814610072545; LogProcessCycleTimeCount = 7.0; LogProcessCycleTimeMax = 0.002759933471679688; LogProcessCycleTimeMin = 0.00020599365234375; LogProcessCycleTimeStd = 0.000942010531117701; LogProcessCycleTimeSum = 0.004391670227050781; SleepCycleTimeAvg = 5.004541695129259; SleepCycleTimeCount = 5271.0; SleepCycleTimeMax = 5.19497013092041; SleepCycleTimeMin = 4.003872871398926; SleepCycleTimeStd = 0.02416164237790333; SleepCycleTimeSum = 26378.93927502632; SubmitCycleTimeAvg = 0.0001421565803302076; SubmitCycleTimeCount = 5272.0; SubmitCycleTimeMax = 0.2516930103302002; SubmitCycleTimeMin = 5.006790161132812E-06; SubmitCycleTimeStd = 0.003698936823664489; SubmitCycleTimeSum = 0.7494494915008545; ]
07/04/21 01:35:36 All jobs Completed!
07/04/21 01:35:36 Note: 0 total job deferrals because of -MaxJobs limit (12000)
07/04/21 01:35:36 Note: 0 total job deferrals because of -MaxIdle limit (1000)
07/04/21 01:35:36 Note: 0 total job deferrals because of node category throttles
07/04/21 01:35:36 Note: 0 total PRE script deferrals because of -MaxPre limit (20) or DEFER
07/04/21 01:35:36 Note: 0 total POST script deferrals because of -MaxPost limit (20) or DEFER
07/04/21 01:35:36 Note: 0 total HOLD script deferrals because of -MaxHold limit (20) or DEFER
07/04/21 01:35:36 DAG status: 0 (DAG_STATUS_OK)
07/04/21 01:35:36 Of 2 nodes total:
07/04/21 01:35:36  Done     Pre   Queued    Post   Ready   Un-Ready   Failed
07/04/21 01:35:36   ===     ===      ===     ===     ===        ===      ===
07/04/21 01:35:36     2       0        0       0       0          0        0
07/04/21 01:35:36 0 job proc(s) currently held
07/04/21 01:35:36 DAGMan Runtime Statistics: [ EventCycleTimeAvg = 0.001510659831001283; EventCycleTimeCount = 5271.0; EventCycleTimeMax = 5.033287048339844; EventCycleTimeMin = 1.382827758789062E-05; EventCycleTimeStd = 0.06960061874660071; EventCycleTimeSum = 7.962687969207764; LogProcessCycleTimeAvg = 0.0006273814610072545; LogProcessCycleTimeCount = 7.0; LogProcessCycleTimeMax = 0.002759933471679688; LogProcessCycleTimeMin = 0.00020599365234375; LogProcessCycleTimeStd = 0.000942010531117701; LogProcessCycleTimeSum = 0.004391670227050781; SleepCycleTimeAvg = 5.004541695129259; SleepCycleTimeCount = 5271.0; SleepCycleTimeMax = 5.19497013092041; SleepCycleTimeMin = 4.003872871398926; SleepCycleTimeStd = 0.02416164237790333; SleepCycleTimeSum = 26378.93927502632; SubmitCycleTimeAvg = 0.0001421565803302076; SubmitCycleTimeCount = 5272.0; SubmitCycleTimeMax = 0.2516930103302002; SubmitCycleTimeMin = 5.006790161132812E-06; SubmitCycleTimeStd = 0.003698936823664489; SubmitCycleTimeSum = 0.7494494915008545; ]
07/04/21 01:35:36 Wrote metrics file outdir_com/submit/dag_eccn.submit.metrics.
07/04/21 01:35:36 DAGMan Runtime Statistics: [ EventCycleTimeAvg = 0.001510659831001283; EventCycleTimeCount = 5271.0; EventCycleTimeMax = 5.033287048339844; EventCycleTimeMin = 1.382827758789062E-05; EventCycleTimeStd = 0.06960061874660071; EventCycleTimeSum = 7.962687969207764; LogProcessCycleTimeAvg = 0.0006273814610072545; LogProcessCycleTimeCount = 7.0; LogProcessCycleTimeMax = 0.002759933471679688; LogProcessCycleTimeMin = 0.00020599365234375; LogProcessCycleTimeStd = 0.000942010531117701; LogProcessCycleTimeSum = 0.004391670227050781; SleepCycleTimeAvg = 5.004541695129259; SleepCycleTimeCount = 5271.0; SleepCycleTimeMax = 5.19497013092041; SleepCycleTimeMin = 4.003872871398926; SleepCycleTimeStd = 0.02416164237790333; SleepCycleTimeSum = 26378.93927502632; SubmitCycleTimeAvg = 0.0001421565803302076; SubmitCycleTimeCount = 5272.0; SubmitCycleTimeMax = 0.2516930103302002; SubmitCycleTimeMin = 5.006790161132812E-06; SubmitCycleTimeStd = 0.003698936823664489; SubmitCycleTimeSum = 0.7494494915008545; ]
07/04/21 01:35:36 **** condor_scheduniv_exec.7756383.0 (condor_DAGMAN) pid 2457005 EXITING WITH STATUS 0
