000 (7814748.000.000) 2021-07-04 10:59:04 Job submitted from host: <10.14.0.99:9618?addrs=10.14.0.99-9618&alias=ldas-pcdev1.ligo.caltech.edu&noUDP&sock=schedd_11200_d8ce>
    DAG Node: eccn_data0_1126259463-9_generation_arg_0
...
001 (7814748.000.000) 2021-07-04 10:59:46 Job executing on host: <10.14.8.176:9618?addrs=10.14.8.176-9618&alias=node1926.cluster.ldas.cit&noUDP&sock=startd_3765121_6a46>
...
006 (7814748.000.000) 2021-07-04 10:59:55 Image size of job updated: 170884
	97  -  MemoryUsage of job (MB)
	98700  -  ResidentSetSize of job (KB)
...
006 (7814748.000.000) 2021-07-04 11:04:51 Image size of job updated: 519428
	97  -  MemoryUsage of job (MB)
	98764  -  ResidentSetSize of job (KB)
...
005 (7814748.000.000) 2021-07-04 11:04:51 Job terminated.
	(1) Normal termination (return value 0)
		Usr 0 00:00:08, Sys 0 00:00:01  -  Run Remote Usage
		Usr 0 00:00:00, Sys 0 00:00:00  -  Run Local Usage
		Usr 0 00:00:08, Sys 0 00:00:01  -  Total Remote Usage
		Usr 0 00:00:00, Sys 0 00:00:00  -  Total Local Usage
	0  -  Run Bytes Sent By Job
	0  -  Run Bytes Received By Job
	0  -  Total Bytes Sent By Job
	0  -  Total Bytes Received By Job
	Partitionable Resources :    Usage  Request Allocated 
	   Cpus                 :     0.01        1         1 
	   Disk (KB)            :     1           1     50949 
	   GPUs                 :                           0 
	   Memory (MB)          :    97        8192      8192 

	Job terminated of its own accord at 2021-07-04T18:04:51Z.
...
