10:59 bilby_pipe INFO    : Running bilby_pipe version: 1.0.1: (CLEAN) c4c6d92 2020-08-26 02:52:43 -0500
10:59 bilby_pipe INFO    : Running bilby: 1.0.1: release
10:59 bilby_pipe INFO    : Command line arguments: Namespace(accounting='ligo.dev.o3.cbc.pe.lalinference', calibration_model=None, catch_waveform_errors=False, channel_dict='{H1:GWOSC, L1:GWOSC}', coherence_test=False, condor_job_priority=0, convert_to_flat_in_component_mass=False, create_plots=False, create_summary=False, data_dict=None, data_dump_file=None, data_format=None, default_prior='BBHPriorDict', deltaT=0.2, detectors=['H1', 'L1'], distance_marginalization=False, distance_marginalization_lookup_table=None, duration=4.0, email=None, existing_dir=None, extra_likelihood_kwargs=None, frequency_domain_source_model='eccn.functions.eccentric_waveform', gaussian_noise=False, generation_seed=None, gps_file=None, gps_tuple=None, idx=0, ignore_gwpy_data_quality_check=True, ini='outdir_com/eccn_config_complete.ini', injection=True, injection_dict="{'mass_1':23.5, 'mass_2':21.5, 'chirp_mass':19.564163812778446, 'mass_ratio':0.9148936170212766, 'initial_eccentricity':0.1, 'a_1':0., 'a_2':0., 'tilt_1':0., 'tilt_2':0., 'phi_12':0., 'phi_jl':0., 'luminosity_distance':400., 'theta_jn':0.4, 'psi':0.1, 'phase':1.2, 'geocent_time':1126259462.4, 'ra':45., 'dec':5.73,}", injection_file=None, injection_numbers=['None'], injection_waveform_approximant=None, jitter_time=True, label='eccn_data0_1126259463-9_generation', likelihood_type='GravitationalWaveTransient', local=False, local_generation=False, local_plot=False, log_directory=None, maximum_frequency='107.0', minimum_frequency='23.0', mode_array=[None], n_parallel=1, n_simulation=1, notification='Never', online_pe=False, osg=False, outdir='/home/hemantakumar.phurailatpam/bilby/bilby_pipe/eccn/outdir_com', periodic_restart_time=28800, phase_marginalization=False, plot_calibration=False, plot_corner=False, plot_format='png', plot_marginal=False, plot_skymap=False, plot_waveform=False, pn_amplitude_order=0, pn_phase_order=-1, pn_spin_order=-1, pn_tidal_order=-1, post_trigger_duration=2.0, postprocessing_arguments=None, postprocessing_executable=None, prior_dict="{mass-1: Constraint(name='mass_1', minimum=10, maximum=80), mass-2: Constraint(name='mass_2', minimum=10, maximum=80), chirp-mass: Uniform(name='chirp_mass', minimum=17.411,maximum=21.764), mass-ratio: Uniform(name='mass_ratio', minimum=0.5, maximum=1), initial-eccentricity: LogUniform(name='eccentricity', minimum=0.01, maximum=0.2), a-1: 0., a-2: 0., tilt-1: 0., tilt-2: 0., phi-12: 0., phi-jl: 0., luminosity-distance: 400., theta-jn: 0.4, psi: 0.1, phase: 1.2, geocent-time: 1126259462.4, ra: 45.0, dec: 5.73, }", prior_file=None, psd_dict=None, psd_fractional_overlap=0.5, psd_length=32, psd_maximum_duration=1024, psd_method='median', psd_start_time=None, reference_frame='sky', reference_frequency=20.0, request_cpus=16, request_memory=4.0, request_memory_generation=None, resampling_method='lal', roq_folder=None, roq_scale_factor=1.0, roq_weights=None, sampler='dynesty', sampler_kwargs="{'nlive': 500, 'npool': 16}", sampling_frequency=1024.0, sampling_seed=None, scheduler='condor', scheduler_analysis_time='7-00:00:00', scheduler_args=None, scheduler_env=None, scheduler_module=[None], single_postprocessing_arguments=None, single_postprocessing_executable=None, singularity_image=None, spline_calibration_amplitude_uncertainty_dict=None, spline_calibration_envelope_dict=None, spline_calibration_nodes=5, spline_calibration_phase_uncertainty_dict=None, submit=False, summarypages_arguments=None, time_marginalization=False, time_reference='geocent', timeslide_dict=None, timeslide_file=None, transfer_files=True, trigger_time='1126259463.9', tukey_roll_off=0.4, verbose=False, waveform_approximant='IMRPhenomPv2', waveform_generator='eccn.functions.my_waveform_generator', webdir=None, zero_noise=False)
10:59 bilby_pipe INFO    : Unknown command line arguments: []
10:59 bilby_pipe INFO    : Generation seed set to 238234
10:59 bilby_pipe INFO    : Setting trigger time 1126259463.9
10:59 bilby_pipe INFO    : Setting prior-file to None
10:59 bilby_pipe INFO    : Setting segment duration 4.0s
10:59 bilby_pipe INFO    : PSD duration set to 128.0s, 32x the duration 4.0s
10:59 bilby_pipe INFO    : No calibration_model model provided, calibration marginalization will not be used
10:59 bilby_pipe INFO    : Setting PSD for H1 from data
10:59 bilby_pipe INFO    : Using default PSD start time -128.0 relative to start time
10:59 bilby_pipe INFO    : Getting psd-segment data for H1
10:59 bilby_pipe INFO    : Attempting to download data from GWOSC
10:59 bilby_pipe INFO    : Calling TimeSeries.fetch_open_data('H1', start=1126259333.9, end=1126259461.9)
11:01 bilby_pipe INFO    : Resampling data to sampling_frequency 1024.0 using lal
11:01 bilby_pipe INFO    : PSD settings: window=Tukey, Tukey-alpha=0.2 roll-off=0.4, overlap=2.0, method=median
11:01 bilby_pipe INFO    : Getting analysis-segment data for H1
11:01 bilby_pipe INFO    : Attempting to download data from GWOSC
11:01 bilby_pipe INFO    : Calling TimeSeries.fetch_open_data('H1', start=1126259461.9, end=1126259465.9)
11:01 bilby_pipe INFO    : Resampling data to sampling_frequency 1024.0 using lal
11:01 bilby INFO    : Waveform generator initiated with
  frequency_domain_source_model: eccn.functions.eccentric_waveform
  time_domain_source_model: None
  parameter_conversion: bilby.gw.conversion.convert_to_lal_binary_black_hole_parameters
11:01 bilby_pipe INFO    : Injecting with IMRPhenomPv2
11:01 bilby INFO    : Generating frequency domain strain from given time domain strain.
11:01 bilby INFO    : Applying a tukey window with alpha=0.1, roll off=0.2
11:01 bilby INFO    : Injected signal in H1:
11:01 bilby INFO    :   optimal SNR = 30.80
11:01 bilby INFO    :   matched filter SNR = -45.92-19.81j
11:01 bilby INFO    :   mass_1 = 23.5
11:01 bilby INFO    :   mass_2 = 21.5
11:01 bilby INFO    :   chirp_mass = 19.564163812778446
11:01 bilby INFO    :   mass_ratio = 0.9148936170212766
11:01 bilby INFO    :   initial_eccentricity = 0.1
11:01 bilby INFO    :   a_1 = 0.0
11:01 bilby INFO    :   a_2 = 0.0
11:01 bilby INFO    :   tilt_1 = 0.0
11:01 bilby INFO    :   tilt_2 = 0.0
11:01 bilby INFO    :   phi_12 = 0.0
11:01 bilby INFO    :   phi_jl = 0.0
11:01 bilby INFO    :   luminosity_distance = 400.0
11:01 bilby INFO    :   theta_jn = 0.4
11:01 bilby INFO    :   psi = 0.1
11:01 bilby INFO    :   phase = 1.2
11:01 bilby INFO    :   geocent_time = 1126259462.4
11:01 bilby INFO    :   ra = 45.0
11:01 bilby INFO    :   dec = 5.73
11:01 bilby_pipe INFO    : Setting PSD for L1 from data
11:01 bilby_pipe INFO    : Using default PSD start time -128.0 relative to start time
11:01 bilby_pipe INFO    : Getting psd-segment data for L1
11:01 bilby_pipe INFO    : Attempting to download data from GWOSC
11:01 bilby_pipe INFO    : Calling TimeSeries.fetch_open_data('L1', start=1126259333.9, end=1126259461.9)
11:04 bilby_pipe INFO    : Resampling data to sampling_frequency 1024.0 using lal
11:04 bilby_pipe INFO    : PSD settings: window=Tukey, Tukey-alpha=0.2 roll-off=0.4, overlap=2.0, method=median
11:04 bilby_pipe INFO    : Getting analysis-segment data for L1
11:04 bilby_pipe INFO    : Attempting to download data from GWOSC
11:04 bilby_pipe INFO    : Calling TimeSeries.fetch_open_data('L1', start=1126259461.9, end=1126259465.9)
11:04 bilby_pipe INFO    : Resampling data to sampling_frequency 1024.0 using lal
11:04 bilby INFO    : Waveform generator initiated with
  frequency_domain_source_model: eccn.functions.eccentric_waveform
  time_domain_source_model: None
  parameter_conversion: bilby.gw.conversion.convert_to_lal_binary_black_hole_parameters
11:04 bilby_pipe INFO    : Injecting with IMRPhenomPv2
11:04 bilby INFO    : Generating frequency domain strain from given time domain strain.
11:04 bilby INFO    : Applying a tukey window with alpha=0.1, roll off=0.2
11:04 bilby INFO    : Injected signal in L1:
11:04 bilby INFO    :   optimal SNR = 36.69
11:04 bilby INFO    :   matched filter SNR = -4.74+5.13j
11:04 bilby INFO    :   mass_1 = 23.5
11:04 bilby INFO    :   mass_2 = 21.5
11:04 bilby INFO    :   chirp_mass = 19.564163812778446
11:04 bilby INFO    :   mass_ratio = 0.9148936170212766
11:04 bilby INFO    :   initial_eccentricity = 0.1
11:04 bilby INFO    :   a_1 = 0.0
11:04 bilby INFO    :   a_2 = 0.0
11:04 bilby INFO    :   tilt_1 = 0.0
11:04 bilby INFO    :   tilt_2 = 0.0
11:04 bilby INFO    :   phi_12 = 0.0
11:04 bilby INFO    :   phi_jl = 0.0
11:04 bilby INFO    :   luminosity_distance = 400.0
11:04 bilby INFO    :   theta_jn = 0.4
11:04 bilby INFO    :   psi = 0.1
11:04 bilby INFO    :   phase = 1.2
11:04 bilby INFO    :   geocent_time = 1126259462.4
11:04 bilby INFO    :   ra = 45.0
11:04 bilby INFO    :   dec = 5.73
11:04 bilby INFO    : Waveform generator initiated with
  frequency_domain_source_model: eccn.functions.eccentric_waveform
  time_domain_source_model: None
  parameter_conversion: bilby.gw.conversion.convert_to_lal_binary_black_hole_parameters
11:04 bilby_pipe INFO    : Completed data generation
