05/17/21 08:12:52 ******************************************************
05/17/21 08:12:52 ** condor_scheduniv_exec.5254976.0 (CONDOR_DAGMAN) STARTING UP
05/17/21 08:12:52 ** /usr/bin/condor_dagman
05/17/21 08:12:52 ** SubsystemInfo: name=DAGMAN type=DAGMAN(10) class=DAEMON(1)
05/17/21 08:12:52 ** Configuration: subsystem:DAGMAN local:<NONE> class:DAEMON
05/17/21 08:12:52 ** $CondorVersion: 8.9.11 Jan 27 2021 BuildID: 527521 PackageID: 8.9.11-1 $
05/17/21 08:12:52 ** $CondorPlatform: x86_64_CentOS7 $
05/17/21 08:12:52 ** PID = 3230398
05/17/21 08:12:52 ** Log last touched time unavailable (No such file or directory)
05/17/21 08:12:52 ******************************************************
05/17/21 08:12:52 Using config source: /etc/condor/condor_config
05/17/21 08:12:52 Using local config sources: 
05/17/21 08:12:52    /etc/condor/config.d/00-batch_gahp_blahp.config
05/17/21 08:12:52    /etc/condor/config.d/00-htcondor-9.0.config
05/17/21 08:12:52    /etc/condor/config.d/00-ldas
05/17/21 08:12:52    /etc/condor/config.d/02-scheduler
05/17/21 08:12:52    /etc/condor/config.d/10-cgroup
05/17/21 08:12:52    /etc/condor/config.d/10-security
05/17/21 08:12:52    /etc/condor/config.d/30-scratch-mount
05/17/21 08:12:52    /etc/condor/config.d/99-memory
05/17/21 08:12:52    /etc/condor/config.d/99-transform
05/17/21 08:12:52    /etc/condor/condor_config.local
05/17/21 08:12:52 config Macros = 148, Sorted = 148, StringBytes = 6383, TablesBytes = 5440
05/17/21 08:12:52 CLASSAD_CACHING is ENABLED
05/17/21 08:12:52 Daemon Log is logging: D_ALWAYS D_ERROR
05/17/21 08:12:52 DaemonCore: No command port requested.
05/17/21 08:12:52 DAGMAN_USE_STRICT setting: 1
05/17/21 08:12:52 DAGMAN_VERBOSITY setting: 3
05/17/21 08:12:52 DAGMAN_DEBUG_CACHE_SIZE setting: 5242880
05/17/21 08:12:52 DAGMAN_DEBUG_CACHE_ENABLE setting: True
05/17/21 08:12:52 DAGMAN_SUBMIT_DELAY setting: 0
05/17/21 08:12:52 DAGMAN_MAX_SUBMIT_ATTEMPTS setting: 6
05/17/21 08:12:52 DAGMAN_STARTUP_CYCLE_DETECT setting: False
05/17/21 08:12:52 DAGMAN_MAX_SUBMITS_PER_INTERVAL setting: 100
05/17/21 08:12:52 DAGMAN_AGGRESSIVE_SUBMIT setting: False
05/17/21 08:12:52 DAGMAN_USER_LOG_SCAN_INTERVAL setting: 5
05/17/21 08:12:52 DAGMAN_QUEUE_UPDATE_INTERVAL setting: 300
05/17/21 08:12:52 DAGMAN_DEFAULT_PRIORITY setting: 0
05/17/21 08:12:52 DAGMAN_SUPPRESS_NOTIFICATION setting: True
05/17/21 08:12:52 allow_events (DAGMAN_ALLOW_EVENTS) setting: 114
05/17/21 08:12:52 DAGMAN_RETRY_SUBMIT_FIRST setting: True
05/17/21 08:12:52 DAGMAN_RETRY_NODE_FIRST setting: False
05/17/21 08:12:52 DAGMAN_MAX_JOBS_IDLE setting: 1000
05/17/21 08:12:52 DAGMAN_MAX_JOBS_SUBMITTED setting: 12000
05/17/21 08:12:52 DAGMAN_MAX_PRE_SCRIPTS setting: 20
05/17/21 08:12:52 DAGMAN_MAX_POST_SCRIPTS setting: 20
05/17/21 08:12:52 DAGMAN_MAX_HOLD_SCRIPTS setting: 20
05/17/21 08:12:52 DAGMAN_MUNGE_NODE_NAMES setting: True
05/17/21 08:12:52 DAGMAN_PROHIBIT_MULTI_JOBS setting: False
05/17/21 08:12:52 DAGMAN_SUBMIT_DEPTH_FIRST setting: True
05/17/21 08:12:52 DAGMAN_ALWAYS_RUN_POST setting: False
05/17/21 08:12:52 DAGMAN_CONDOR_SUBMIT_EXE setting: /usr/bin/condor_submit
05/17/21 08:12:52 DAGMAN_USE_CONDOR_SUBMIT setting: True
05/17/21 08:12:52 DAGMAN_ABORT_DUPLICATES setting: True
05/17/21 08:12:52 DAGMAN_ABORT_ON_SCARY_SUBMIT setting: True
05/17/21 08:12:52 DAGMAN_PENDING_REPORT_INTERVAL setting: 600
05/17/21 08:12:52 DAGMAN_AUTO_RESCUE setting: True
05/17/21 08:12:52 DAGMAN_MAX_RESCUE_NUM setting: 100
05/17/21 08:12:52 DAGMAN_WRITE_PARTIAL_RESCUE setting: True
05/17/21 08:12:52 DAGMAN_DEFAULT_NODE_LOG setting: @(DAG_DIR)/@(DAG_FILE).nodes.log
05/17/21 08:12:52 DAGMAN_GENERATE_SUBDAG_SUBMITS setting: True
05/17/21 08:12:52 DAGMAN_MAX_JOB_HOLDS setting: 100
05/17/21 08:12:52 DAGMAN_HOLD_CLAIM_TIME setting: 20
05/17/21 08:12:52 ALL_DEBUG setting: 
05/17/21 08:12:52 DAGMAN_DEBUG setting: 
05/17/21 08:12:52 DAGMAN_SUPPRESS_JOB_LOGS setting: False
05/17/21 08:12:52 DAGMAN_REMOVE_NODE_JOBS setting: True
05/17/21 08:12:52 DAGMAN will adjust edges after parsing
05/17/21 08:12:52 Enabling log line cache for increased NFS performance.
05/17/21 08:12:52 argv[0] == "condor_scheduniv_exec.5254976.0"
05/17/21 08:12:52 argv[1] == "-Lockfile"
05/17/21 08:12:52 argv[2] == "outdir_bbh_injection/submit/dag_bbh_injection.submit.lock"
05/17/21 08:12:52 argv[3] == "-AutoRescue"
05/17/21 08:12:52 argv[4] == "1"
05/17/21 08:12:52 argv[5] == "-DoRescueFrom"
05/17/21 08:12:52 argv[6] == "0"
05/17/21 08:12:52 argv[7] == "-Dag"
05/17/21 08:12:52 argv[8] == "outdir_bbh_injection/submit/dag_bbh_injection.submit"
05/17/21 08:12:52 argv[9] == "-Suppress_notification"
05/17/21 08:12:52 argv[10] == "-CsdVersion"
05/17/21 08:12:52 argv[11] == "$CondorVersion: 8.9.11 Jan 27 2021 BuildID: 527521 PackageID: 8.9.11-1 $"
05/17/21 08:12:52 argv[12] == "-Dagman"
05/17/21 08:12:52 argv[13] == "/usr/bin/condor_dagman"
05/17/21 08:12:52 Workflow batch-id: <5254976.0>
05/17/21 08:12:52 Workflow batch-name: <dag_bbh_injection.submit+5254976>
05/17/21 08:12:52 Workflow accounting_group: <>
05/17/21 08:12:52 Workflow accounting_group_user: <>
05/17/21 08:12:52 Warning: failed to get attribute DAGNodeName
05/17/21 08:12:52 DAGMAN_LOG_ON_NFS_IS_ERROR setting: False
05/17/21 08:12:52 Default node log file is: </home/hemantakumar.phurailatpam/bilby/bilby_pipe/examples/outdir_bbh_injection/submit/dag_bbh_injection.submit.nodes.log>
05/17/21 08:12:52 DAG Lockfile will be written to outdir_bbh_injection/submit/dag_bbh_injection.submit.lock
05/17/21 08:12:52 DAG Input file is outdir_bbh_injection/submit/dag_bbh_injection.submit
05/17/21 08:12:52 Parsing 1 dagfiles
05/17/21 08:12:52 Parsing outdir_bbh_injection/submit/dag_bbh_injection.submit ...
05/17/21 08:12:52 Adjusting edges
05/17/21 08:12:52 Dag contains 2 total jobs
05/17/21 08:12:52 Bootstrapping...
05/17/21 08:12:52 Number of pre-completed nodes: 0
05/17/21 08:12:52 MultiLogFiles: truncating log file /home/hemantakumar.phurailatpam/bilby/bilby_pipe/examples/outdir_bbh_injection/submit/dag_bbh_injection.submit.nodes.log
05/17/21 08:12:52 DAG status: 0 (DAG_STATUS_OK)
05/17/21 08:12:52 Of 2 nodes total:
05/17/21 08:12:52  Done     Pre   Queued    Post   Ready   Un-Ready   Failed
05/17/21 08:12:52   ===     ===      ===     ===     ===        ===      ===
05/17/21 08:12:52     0       0        0       0       1          1        0
05/17/21 08:12:52 0 job proc(s) currently held
05/17/21 08:12:52 DAGMan Runtime Statistics: [ EventCycleTimeCount = 0.0; EventCycleTimeSum = 0.0; LogProcessCycleTimeCount = 0.0; LogProcessCycleTimeSum = 0.0; SleepCycleTimeCount = 0.0; SleepCycleTimeSum = 0.0; SubmitCycleTimeCount = 0.0; SubmitCycleTimeSum = 0.0; ]
05/17/21 08:12:52 Registering condor_event_timer...
05/17/21 08:12:53 Submitting HTCondor Node bbh_injection_data0_0_generation_arg_0 job(s)...
05/17/21 08:12:53 Adding a DAGMan workflow log /home/hemantakumar.phurailatpam/bilby/bilby_pipe/examples/outdir_bbh_injection/submit/dag_bbh_injection.submit.nodes.log
05/17/21 08:12:53 Masking the events recorded in the DAGMAN workflow log
05/17/21 08:12:53 Mask for workflow log is 0,1,2,4,5,7,9,10,11,12,13,16,17,24,27,35,36
05/17/21 08:12:53 submitting: /usr/bin/condor_submit -a dag_node_name' '=' 'bbh_injection_data0_0_generation_arg_0 -a +DAGManJobId' '=' '5254976 -a DAGManJobId' '=' '5254976 -batch-name dag_bbh_injection.submit+5254976 -batch-id 5254976.0 -a submit_event_notes' '=' 'DAG' 'Node:' 'bbh_injection_data0_0_generation_arg_0 -a dagman_log' '=' '/home/hemantakumar.phurailatpam/bilby/bilby_pipe/examples/outdir_bbh_injection/submit/dag_bbh_injection.submit.nodes.log -a +DAGManNodesMask' '=' '"0,1,2,4,5,7,9,10,11,12,13,16,17,24,27,35,36" -a JOB=bbh_injection_data0_0_generation_arg_0 -a ARGS' '=' 'outdir_bbh_injection/bbh_injection_config_complete.ini' '--label' 'bbh_injection_data0_0_generation' '--idx' '0' '--trigger-time' '0' '--injection-file' 'outdir_bbh_injection/data/bbh_injection_injection_file.dat -a DAG_STATUS' '=' '0 -a FAILED_COUNT' '=' '0 -a +KeepClaimIdle' '=' '20 -a notification' '=' 'never -a +DAGParentNodeNames' '=' '"" outdir_bbh_injection/submit/bbh_injection_data0_0_generation.submit
05/17/21 08:12:53 From submit: Submitting job(s).
05/17/21 08:12:53 From submit: 1 job(s) submitted to cluster 5255035.
05/17/21 08:12:53 From submit: WARNING: the line 'JOB = bbh_injection_data0_0_generation_arg_0' was unused by condor_submit. Is it a typo?
05/17/21 08:12:53 	assigned HTCondor ID (5255035.0.0)
05/17/21 08:12:53 Just submitted 1 job this cycle...
05/17/21 08:12:53 DAG status: 0 (DAG_STATUS_OK)
05/17/21 08:12:53 Of 2 nodes total:
05/17/21 08:12:53  Done     Pre   Queued    Post   Ready   Un-Ready   Failed
05/17/21 08:12:53   ===     ===      ===     ===     ===        ===      ===
05/17/21 08:12:53     0       0        1       0       0          1        0
05/17/21 08:12:53 0 job proc(s) currently held
05/17/21 08:12:53 DAGMan Runtime Statistics: [ EventCycleTimeCount = 0.0; EventCycleTimeSum = 0.0; LogProcessCycleTimeCount = 0.0; LogProcessCycleTimeSum = 0.0; SleepCycleTimeCount = 0.0; SleepCycleTimeSum = 0.0; SubmitCycleTimeAvg = 0.07161092758178711; SubmitCycleTimeCount = 1.0; SubmitCycleTimeMax = 0.07161092758178711; SubmitCycleTimeMin = 0.07161092758178711; SubmitCycleTimeStd = 0.07161092758178711; SubmitCycleTimeSum = 0.07161092758178711; ]
05/17/21 08:12:58 Currently monitoring 1 HTCondor log file(s)
05/17/21 08:12:58 Reassigning the id of job bbh_injection_data0_0_generation_arg_0 from (5255035.0.0) to (5255035.0.0)
05/17/21 08:12:58 Event: ULOG_SUBMIT for HTCondor Node bbh_injection_data0_0_generation_arg_0 (5255035.0.0) {05/17/21 08:12:53}
05/17/21 08:12:58 Number of idle job procs: 1
05/17/21 08:13:33 Currently monitoring 1 HTCondor log file(s)
05/17/21 08:13:33 Event: ULOG_EXECUTE for HTCondor Node bbh_injection_data0_0_generation_arg_0 (5255035.0.0) {05/17/21 08:13:33}
05/17/21 08:13:33 Number of idle job procs: 0
05/17/21 08:15:08 Currently monitoring 1 HTCondor log file(s)
05/17/21 08:15:08 Event: ULOG_JOB_TERMINATED for HTCondor Node bbh_injection_data0_0_generation_arg_0 (5255035.0.0) {05/17/21 08:15:08}
05/17/21 08:15:08 Number of idle job procs: 0
05/17/21 08:15:08 Node bbh_injection_data0_0_generation_arg_0 job proc (5255035.0.0) completed successfully.
05/17/21 08:15:08 Node bbh_injection_data0_0_generation_arg_0 job completed
05/17/21 08:15:08 DAG status: 0 (DAG_STATUS_OK)
05/17/21 08:15:08 Of 2 nodes total:
05/17/21 08:15:08  Done     Pre   Queued    Post   Ready   Un-Ready   Failed
05/17/21 08:15:08   ===     ===      ===     ===     ===        ===      ===
05/17/21 08:15:08     1       0        0       0       1          0        0
05/17/21 08:15:08 0 job proc(s) currently held
05/17/21 08:15:08 DAGMan Runtime Statistics: [ EventCycleTimeAvg = 0.002993424733479818; EventCycleTimeCount = 27.0; EventCycleTimeMax = 0.07177186012268066; EventCycleTimeMin = 2.908706665039062E-05; EventCycleTimeStd = 0.01376086858736749; EventCycleTimeSum = 0.08082246780395508; LogProcessCycleTimeAvg = 0.0006074110666910807; LogProcessCycleTimeCount = 3.0; LogProcessCycleTimeMax = 0.001067161560058594; LogProcessCycleTimeMin = 0.0002849102020263672; LogProcessCycleTimeStd = 0.0004087877104563051; LogProcessCycleTimeSum = 0.001822233200073242; SleepCycleTimeAvg = 5.005561943407412; SleepCycleTimeCount = 27.0; SleepCycleTimeMax = 5.010618925094604; SleepCycleTimeMin = 5.004215955734253; SleepCycleTimeStd = 0.001145418523228912; SleepCycleTimeSum = 135.1501724720001; SubmitCycleTimeAvg = 0.002659448555537632; SubmitCycleTimeCount = 28.0; SubmitCycleTimeMax = 0.07161092758178711; SubmitCycleTimeMin = 1.192092895507812E-05; SubmitCycleTimeStd = 0.01351902202835565; SubmitCycleTimeSum = 0.07446455955505371; ]
05/17/21 08:15:13 Submitting HTCondor Node bbh_injection_data0_0_analysis_H1L1_dynesty_arg_0 job(s)...
05/17/21 08:15:13 Adding a DAGMan workflow log /home/hemantakumar.phurailatpam/bilby/bilby_pipe/examples/outdir_bbh_injection/submit/dag_bbh_injection.submit.nodes.log
05/17/21 08:15:13 Masking the events recorded in the DAGMAN workflow log
05/17/21 08:15:13 Mask for workflow log is 0,1,2,4,5,7,9,10,11,12,13,16,17,24,27,35,36
05/17/21 08:15:13 submitting: /usr/bin/condor_submit -a dag_node_name' '=' 'bbh_injection_data0_0_analysis_H1L1_dynesty_arg_0 -a +DAGManJobId' '=' '5254976 -a DAGManJobId' '=' '5254976 -batch-name dag_bbh_injection.submit+5254976 -batch-id 5254976.0 -a submit_event_notes' '=' 'DAG' 'Node:' 'bbh_injection_data0_0_analysis_H1L1_dynesty_arg_0 -a dagman_log' '=' '/home/hemantakumar.phurailatpam/bilby/bilby_pipe/examples/outdir_bbh_injection/submit/dag_bbh_injection.submit.nodes.log -a +DAGManNodesMask' '=' '"0,1,2,4,5,7,9,10,11,12,13,16,17,24,27,35,36" -a JOB=bbh_injection_data0_0_analysis_H1L1_dynesty_arg_0 -a ARGS' '=' 'outdir_bbh_injection/bbh_injection_config_complete.ini' '--outdir' 'outdir_bbh_injection' '--detectors' 'H1' '--detectors' 'L1' '--label' 'bbh_injection_data0_0_analysis_H1L1_dynesty' '--data-dump-file' 'outdir_bbh_injection/data/bbh_injection_data0_0_generation_data_dump.pickle' '--sampler' 'dynesty -a DAG_STATUS' '=' '0 -a FAILED_COUNT' '=' '0 -a notification' '=' 'never -a +DAGParentNodeNames' '=' '"bbh_injection_data0_0_generation_arg_0" outdir_bbh_injection/submit/bbh_injection_data0_0_analysis_H1L1_dynesty.submit
05/17/21 08:15:13 From submit: Submitting job(s).
05/17/21 08:15:13 From submit: 1 job(s) submitted to cluster 5256207.
05/17/21 08:15:13 From submit: WARNING: the line 'JOB = bbh_injection_data0_0_analysis_H1L1_dynesty_arg_0' was unused by condor_submit. Is it a typo?
05/17/21 08:15:13 	assigned HTCondor ID (5256207.0.0)
05/17/21 08:15:13 Just submitted 1 job this cycle...
05/17/21 08:15:13 DAG status: 0 (DAG_STATUS_OK)
05/17/21 08:15:13 Of 2 nodes total:
05/17/21 08:15:13  Done     Pre   Queued    Post   Ready   Un-Ready   Failed
05/17/21 08:15:13   ===     ===      ===     ===     ===        ===      ===
05/17/21 08:15:13     1       0        1       0       0          0        0
05/17/21 08:15:13 0 job proc(s) currently held
05/17/21 08:15:13 DAGMan Runtime Statistics: [ EventCycleTimeAvg = 0.00290980509349278; EventCycleTimeCount = 28.0; EventCycleTimeMax = 0.07177186012268066; EventCycleTimeMin = 2.908706665039062E-05; EventCycleTimeStd = 0.01351088072883475; EventCycleTimeSum = 0.08147454261779785; LogProcessCycleTimeAvg = 0.0006074110666910807; LogProcessCycleTimeCount = 3.0; LogProcessCycleTimeMax = 0.001067161560058594; LogProcessCycleTimeMin = 0.0002849102020263672; LogProcessCycleTimeStd = 0.0004087877104563051; LogProcessCycleTimeSum = 0.001822233200073242; SleepCycleTimeAvg = 5.005554156644004; SleepCycleTimeCount = 28.0; SleepCycleTimeMax = 5.010618925094604; SleepCycleTimeMin = 5.004215955734253; SleepCycleTimeStd = 0.001124761909433824; SleepCycleTimeSum = 140.1555163860321; SubmitCycleTimeAvg = 0.004608392715454102; SubmitCycleTimeCount = 29.0; SubmitCycleTimeMax = 0.07161092758178711; SubmitCycleTimeMin = 1.192092895507812E-05; SubmitCycleTimeStd = 0.01692305496222444; SubmitCycleTimeSum = 0.1336433887481689; ]
05/17/21 08:15:18 Currently monitoring 1 HTCondor log file(s)
05/17/21 08:15:18 Reassigning the id of job bbh_injection_data0_0_analysis_H1L1_dynesty_arg_0 from (5256207.0.0) to (5256207.0.0)
05/17/21 08:15:18 Event: ULOG_SUBMIT for HTCondor Node bbh_injection_data0_0_analysis_H1L1_dynesty_arg_0 (5256207.0.0) {05/17/21 08:15:13}
05/17/21 08:15:18 Number of idle job procs: 1
05/17/21 08:15:18 Event: ULOG_EXECUTE for HTCondor Node bbh_injection_data0_0_analysis_H1L1_dynesty_arg_0 (5256207.0.0) {05/17/21 08:15:14}
05/17/21 08:15:18 Number of idle job procs: 0
05/17/21 08:25:19 601 seconds since last log event
05/17/21 08:25:19 Pending DAG nodes:
05/17/21 08:25:19   Node bbh_injection_data0_0_analysis_H1L1_dynesty_arg_0, HTCondor ID 5256207, status STATUS_SUBMITTED
05/17/21 08:35:20 1202 seconds since last log event
05/17/21 08:35:20 Pending DAG nodes:
05/17/21 08:35:20   Node bbh_injection_data0_0_analysis_H1L1_dynesty_arg_0, HTCondor ID 5256207, status STATUS_SUBMITTED
05/17/21 08:45:20 1802 seconds since last log event
05/17/21 08:45:20 Pending DAG nodes:
05/17/21 08:45:20   Node bbh_injection_data0_0_analysis_H1L1_dynesty_arg_0, HTCondor ID 5256207, status STATUS_SUBMITTED
05/17/21 08:55:21 2403 seconds since last log event
05/17/21 08:55:21 Pending DAG nodes:
05/17/21 08:55:21   Node bbh_injection_data0_0_analysis_H1L1_dynesty_arg_0, HTCondor ID 5256207, status STATUS_SUBMITTED
05/17/21 09:05:22 3004 seconds since last log event
05/17/21 09:05:22 Pending DAG nodes:
05/17/21 09:05:22   Node bbh_injection_data0_0_analysis_H1L1_dynesty_arg_0, HTCondor ID 5256207, status STATUS_SUBMITTED
05/17/21 09:15:22 3604 seconds since last log event
05/17/21 09:15:22 Pending DAG nodes:
05/17/21 09:15:22   Node bbh_injection_data0_0_analysis_H1L1_dynesty_arg_0, HTCondor ID 5256207, status STATUS_SUBMITTED
05/17/21 09:25:23 4205 seconds since last log event
05/17/21 09:25:23 Pending DAG nodes:
05/17/21 09:25:23   Node bbh_injection_data0_0_analysis_H1L1_dynesty_arg_0, HTCondor ID 5256207, status STATUS_SUBMITTED
05/17/21 09:35:24 4806 seconds since last log event
05/17/21 09:35:24 Pending DAG nodes:
05/17/21 09:35:24   Node bbh_injection_data0_0_analysis_H1L1_dynesty_arg_0, HTCondor ID 5256207, status STATUS_SUBMITTED
05/17/21 09:45:24 5406 seconds since last log event
05/17/21 09:45:24 Pending DAG nodes:
05/17/21 09:45:24   Node bbh_injection_data0_0_analysis_H1L1_dynesty_arg_0, HTCondor ID 5256207, status STATUS_SUBMITTED
05/17/21 09:55:24 6006 seconds since last log event
05/17/21 09:55:24 Pending DAG nodes:
05/17/21 09:55:24   Node bbh_injection_data0_0_analysis_H1L1_dynesty_arg_0, HTCondor ID 5256207, status STATUS_SUBMITTED
05/17/21 10:05:25 6607 seconds since last log event
05/17/21 10:05:25 Pending DAG nodes:
05/17/21 10:05:25   Node bbh_injection_data0_0_analysis_H1L1_dynesty_arg_0, HTCondor ID 5256207, status STATUS_SUBMITTED
05/17/21 10:15:25 7207 seconds since last log event
05/17/21 10:15:25 Pending DAG nodes:
05/17/21 10:15:25   Node bbh_injection_data0_0_analysis_H1L1_dynesty_arg_0, HTCondor ID 5256207, status STATUS_SUBMITTED
05/17/21 10:25:28 7810 seconds since last log event
05/17/21 10:25:28 Pending DAG nodes:
05/17/21 10:25:28   Node bbh_injection_data0_0_analysis_H1L1_dynesty_arg_0, HTCondor ID 5256207, status STATUS_SUBMITTED
05/17/21 10:35:29 8411 seconds since last log event
05/17/21 10:35:29 Pending DAG nodes:
05/17/21 10:35:29   Node bbh_injection_data0_0_analysis_H1L1_dynesty_arg_0, HTCondor ID 5256207, status STATUS_SUBMITTED
05/17/21 10:45:29 9011 seconds since last log event
05/17/21 10:45:29 Pending DAG nodes:
05/17/21 10:45:29   Node bbh_injection_data0_0_analysis_H1L1_dynesty_arg_0, HTCondor ID 5256207, status STATUS_SUBMITTED
05/17/21 10:55:30 9612 seconds since last log event
05/17/21 10:55:30 Pending DAG nodes:
05/17/21 10:55:30   Node bbh_injection_data0_0_analysis_H1L1_dynesty_arg_0, HTCondor ID 5256207, status STATUS_SUBMITTED
05/17/21 10:57:10 Currently monitoring 1 HTCondor log file(s)
05/17/21 10:57:10 Event: ULOG_JOB_TERMINATED for HTCondor Node bbh_injection_data0_0_analysis_H1L1_dynesty_arg_0 (5256207.0.0) {05/17/21 10:57:06}
05/17/21 10:57:10 Number of idle job procs: 0
05/17/21 10:57:10 Node bbh_injection_data0_0_analysis_H1L1_dynesty_arg_0 job proc (5256207.0.0) completed successfully.
05/17/21 10:57:10 Node bbh_injection_data0_0_analysis_H1L1_dynesty_arg_0 job completed
05/17/21 10:57:10 DAG status: 0 (DAG_STATUS_OK)
05/17/21 10:57:10 Of 2 nodes total:
05/17/21 10:57:10  Done     Pre   Queued    Post   Ready   Un-Ready   Failed
05/17/21 10:57:10   ===     ===      ===     ===     ===        ===      ===
05/17/21 10:57:10     2       0        0       0       0          0        0
05/17/21 10:57:10 0 job proc(s) currently held
05/17/21 10:57:10 DAGMan Runtime Statistics: [ EventCycleTimeAvg = 0.004072757513542485; EventCycleTimeCount = 1968.0; EventCycleTimeMax = 7.176655054092407; EventCycleTimeMin = 1.096725463867188E-05; EventCycleTimeStd = 0.1617923577528335; EventCycleTimeSum = 8.015186786651611; LogProcessCycleTimeAvg = 0.0004492759704589844; LogProcessCycleTimeCount = 5.0; LogProcessCycleTimeMax = 0.001067161560058594; LogProcessCycleTimeMin = 0.0001311302185058594; LogProcessCycleTimeStd = 0.0003656735814665268; LogProcessCycleTimeSum = 0.002246379852294922; SleepCycleTimeAvg = 5.004765653997902; SleepCycleTimeCount = 1968.0; SleepCycleTimeMax = 5.014912128448486; SleepCycleTimeMin = 4.00394606590271; SleepCycleTimeStd = 0.02258750038454188; SleepCycleTimeSum = 9849.378807067871; SubmitCycleTimeAvg = 0.0001633999128520882; SubmitCycleTimeCount = 1969.0; SubmitCycleTimeMax = 0.07161092758178711; SubmitCycleTimeMin = 4.053115844726562E-06; SubmitCycleTimeStd = 0.002120236084310953; SubmitCycleTimeSum = 0.3217344284057617; ]
05/17/21 10:57:10 All jobs Completed!
05/17/21 10:57:10 Note: 0 total job deferrals because of -MaxJobs limit (12000)
05/17/21 10:57:10 Note: 0 total job deferrals because of -MaxIdle limit (1000)
05/17/21 10:57:10 Note: 0 total job deferrals because of node category throttles
05/17/21 10:57:10 Note: 0 total PRE script deferrals because of -MaxPre limit (20) or DEFER
05/17/21 10:57:10 Note: 0 total POST script deferrals because of -MaxPost limit (20) or DEFER
05/17/21 10:57:10 Note: 0 total HOLD script deferrals because of -MaxHold limit (20) or DEFER
05/17/21 10:57:10 DAG status: 0 (DAG_STATUS_OK)
05/17/21 10:57:10 Of 2 nodes total:
05/17/21 10:57:10  Done     Pre   Queued    Post   Ready   Un-Ready   Failed
05/17/21 10:57:10   ===     ===      ===     ===     ===        ===      ===
05/17/21 10:57:10     2       0        0       0       0          0        0
05/17/21 10:57:10 0 job proc(s) currently held
05/17/21 10:57:10 DAGMan Runtime Statistics: [ EventCycleTimeAvg = 0.004072757513542485; EventCycleTimeCount = 1968.0; EventCycleTimeMax = 7.176655054092407; EventCycleTimeMin = 1.096725463867188E-05; EventCycleTimeStd = 0.1617923577528335; EventCycleTimeSum = 8.015186786651611; LogProcessCycleTimeAvg = 0.0004492759704589844; LogProcessCycleTimeCount = 5.0; LogProcessCycleTimeMax = 0.001067161560058594; LogProcessCycleTimeMin = 0.0001311302185058594; LogProcessCycleTimeStd = 0.0003656735814665268; LogProcessCycleTimeSum = 0.002246379852294922; SleepCycleTimeAvg = 5.004765653997902; SleepCycleTimeCount = 1968.0; SleepCycleTimeMax = 5.014912128448486; SleepCycleTimeMin = 4.00394606590271; SleepCycleTimeStd = 0.02258750038454188; SleepCycleTimeSum = 9849.378807067871; SubmitCycleTimeAvg = 0.0001633999128520882; SubmitCycleTimeCount = 1969.0; SubmitCycleTimeMax = 0.07161092758178711; SubmitCycleTimeMin = 4.053115844726562E-06; SubmitCycleTimeStd = 0.002120236084310953; SubmitCycleTimeSum = 0.3217344284057617; ]
05/17/21 10:57:10 Wrote metrics file outdir_bbh_injection/submit/dag_bbh_injection.submit.metrics.
05/17/21 10:57:10 DAGMan Runtime Statistics: [ EventCycleTimeAvg = 0.004072757513542485; EventCycleTimeCount = 1968.0; EventCycleTimeMax = 7.176655054092407; EventCycleTimeMin = 1.096725463867188E-05; EventCycleTimeStd = 0.1617923577528335; EventCycleTimeSum = 8.015186786651611; LogProcessCycleTimeAvg = 0.0004492759704589844; LogProcessCycleTimeCount = 5.0; LogProcessCycleTimeMax = 0.001067161560058594; LogProcessCycleTimeMin = 0.0001311302185058594; LogProcessCycleTimeStd = 0.0003656735814665268; LogProcessCycleTimeSum = 0.002246379852294922; SleepCycleTimeAvg = 5.004765653997902; SleepCycleTimeCount = 1968.0; SleepCycleTimeMax = 5.014912128448486; SleepCycleTimeMin = 4.00394606590271; SleepCycleTimeStd = 0.02258750038454188; SleepCycleTimeSum = 9849.378807067871; SubmitCycleTimeAvg = 0.0001633999128520882; SubmitCycleTimeCount = 1969.0; SubmitCycleTimeMax = 0.07161092758178711; SubmitCycleTimeMin = 4.053115844726562E-06; SubmitCycleTimeStd = 0.002120236084310953; SubmitCycleTimeSum = 0.3217344284057617; ]
05/17/21 10:57:10 **** condor_scheduniv_exec.5254976.0 (condor_DAGMAN) pid 3230398 EXITING WITH STATUS 0
