08:16 bilby_pipe INFO    : Running bilby_pipe version: 1.0.1: (CLEAN) c4c6d92 2020-08-26 02:52:43 -0500
08:16 bilby_pipe INFO    : Running bilby: 1.0.1: release
08:16 bilby_pipe INFO    : Command line arguments: Namespace(accounting='ligo.sim.o3.cbc.pe.lalinference', calibration_model=None, catch_waveform_errors=False, channel_dict=None, coherence_test=False, condor_job_priority=0, convert_to_flat_in_component_mass=False, create_plots=False, create_summary=False, data_dict=None, data_dump_file='outdir_bbh_injection/data/bbh_injection_data0_0_generation_data_dump.pickle', data_format=None, default_prior='BBHPriorDict', deltaT=0.2, detectors=['H1', 'L1'], distance_marginalization=False, distance_marginalization_lookup_table=None, duration=4.0, email=None, existing_dir=None, extra_likelihood_kwargs=None, frequency_domain_source_model='lal_binary_black_hole', gaussian_noise=True, generation_seed=None, gps_file=None, gps_tuple=None, idx=0, ignore_gwpy_data_quality_check=True, ini='bbh_injection_config_complete.ini', injection=True, injection_dict=None, injection_file=None, injection_numbers=['None'], injection_waveform_approximant=None, jitter_time=True, label='bbh_injection_data0_0_analysis_H1L1_dynesty', likelihood_type='GravitationalWaveTransient', local=False, local_generation=False, local_plot=False, log_directory=None, maximum_frequency=None, minimum_frequency='20', mode_array=[None], n_parallel=1, n_simulation=1, notification='Never', online_pe=False, osg=False, outdir='outdir_bbh_injection', periodic_restart_time=28800, phase_marginalization=False, plot_calibration=False, plot_corner=False, plot_format='png', plot_marginal=False, plot_skymap=False, plot_waveform=False, pn_amplitude_order=0, pn_phase_order=-1, pn_spin_order=-1, pn_tidal_order=-1, post_trigger_duration=2.0, postprocessing_arguments=None, postprocessing_executable=None, prior_dict=None, prior_file='/home/hemantakumar.phurailatpam/bilby/bilby_pipe/examples/bbh_simple_example.prior', psd_dict=None, psd_fractional_overlap=0.5, psd_length=32, psd_maximum_duration=1024, psd_method='median', psd_start_time=None, reference_frame='sky', reference_frequency=20.0, request_cpus=1, request_memory=4.0, request_memory_generation=None, resampling_method='lal', roq_folder=None, roq_scale_factor=1.0, roq_weights=None, sampler='dynesty', sampler_kwargs="{'nlive': 1000}", sampling_frequency=4096.0, sampling_seed=None, scheduler='condor', scheduler_analysis_time='7-00:00:00', scheduler_args=None, scheduler_env=None, scheduler_module=[None], single_postprocessing_arguments=None, single_postprocessing_executable=None, singularity_image=None, spline_calibration_amplitude_uncertainty_dict=None, spline_calibration_envelope_dict=None, spline_calibration_nodes=5, spline_calibration_phase_uncertainty_dict=None, submit=False, summarypages_arguments=None, time_marginalization=False, time_reference='geocent', timeslide_dict=None, timeslide_file=None, transfer_files=True, trigger_time=None, tukey_roll_off=0.4, verbose=False, waveform_approximant='IMRPhenomPv2', waveform_generator='bilby.gw.waveform_generator.WaveformGenerator', webdir=None, zero_noise=False)
08:16 bilby_pipe INFO    : Sampling seed set to 103560
08:16 bilby_pipe INFO    : No maximum frequency given. Setting to sampling frequency / 2 = 2048.0
08:16 bilby_pipe INFO    : No calibration_model model provided, calibration marginalization will not be used
08:16 bilby_pipe INFO    : Found data for detectors = ['H1', 'L1']
08:16 bilby_pipe INFO    : Using data for detectors = ['H1', 'L1']
08:16 bilby_pipe INFO    : H1: sampling-frequency=4096.0, segment-start-time=-2.0, duration=4.0
08:16 bilby_pipe INFO    : L1: sampling-frequency=4096.0, segment-start-time=-2.0, duration=4.0
08:16 bilby_pipe INFO    : Using the lal_binary_black_hole source model
08:16 bilby INFO    : Waveform generator initiated with
  frequency_domain_source_model: bilby.gw.source.lal_binary_black_hole
  time_domain_source_model: None
  parameter_conversion: bilby.gw.conversion.convert_to_lal_binary_black_hole_parameters
08:16 bilby INFO    : Running for label 'bbh_injection_data0_0_analysis_H1L1_dynesty', output will be saved to 'outdir_bbh_injection/result'
08:16 bilby INFO    : Using lal version 7.1.2
08:16 bilby INFO    : Using lal git version Branch: None;Tag: lalsuite-v6.82;Id: cf792129c2473f42ce6c6ee21d8234254cefd337;;Builder: Unknown User <>;Repository status: UNCLEAN: Modified working tree
08:16 bilby INFO    : Using lalsimulation version 2.5.1
08:16 bilby INFO    : Using lalsimulation git version Branch: None;Tag: lalsuite-v6.82;Id: cf792129c2473f42ce6c6ee21d8234254cefd337;;Builder: Unknown User <>;Repository status: UNCLEAN: Modified working tree
08:16 bilby INFO    : Search parameters:
08:16 bilby INFO    :   luminosity_distance = UniformComovingVolume(minimum=100.0, maximum=5000.0, cosmology=FlatLambdaCDM(name="Planck15", H0=67.7 km / (Mpc s), Om0=0.307, Tcmb0=2.725 K, Neff=3.05, m_nu=[0.   0.   0.06] eV, Ob0=0.0486), name='luminosity_distance', latex_label='$d_L$', unit=Unit("Mpc"), boundary=None)
08:16 bilby INFO    :   theta_jn = Sine(name='theta_jn', latex_label='$\\theta_{JN}$', unit=None, minimum=0, maximum=3.141592653589793, boundary=None)
08:16 bilby INFO    :   mass_1 = 50.0
08:16 bilby INFO    :   mass_2 = 45.0
08:16 bilby INFO    :   a_1 = 0.0
08:16 bilby INFO    :   a_2 = 0.0
08:16 bilby INFO    :   tilt_1 = 0.0
08:16 bilby INFO    :   tilt_2 = 0.0
08:16 bilby INFO    :   phi_12 = 0.0
08:16 bilby INFO    :   phi_jl = 0.0
08:16 bilby INFO    :   dec = -0.2
08:16 bilby INFO    :   ra = 1.4
08:16 bilby INFO    :   psi = 0.0
08:16 bilby INFO    :   phase = 0.0
08:16 bilby INFO    :   geocent_time = 0.0
08:16 bilby INFO    : Single likelihood evaluation took 1.016e-01 s
08:16 bilby INFO    : Using sampler Dynesty with kwargs {'bound': 'multi', 'sample': 'rwalk', 'verbose': True, 'periodic': None, 'reflective': None, 'check_point_delta_t': 600, 'nlive': 1000, 'first_update': None, 'walks': 100, 'npdim': None, 'rstate': None, 'queue_size': 1, 'pool': None, 'use_pool': None, 'live_points': None, 'logl_args': None, 'logl_kwargs': None, 'ptform_args': None, 'ptform_kwargs': None, 'enlarge': 1.5, 'bootstrap': None, 'vol_dec': 0.5, 'vol_check': 8.0, 'facc': 0.2, 'slices': 5, 'update_interval': 600, 'print_func': <bound method Dynesty._print_func of <bilby.core.sampler.dynesty.Dynesty object at 0x2b5d02b61290>>, 'dlogz': 0.1, 'maxiter': None, 'maxcall': None, 'logl_max': inf, 'add_live': True, 'print_progress': True, 'save_bounds': False, 'n_effective': None, 'maxmcmc': 5000, 'nact': 5}
08:16 bilby INFO    : Checkpoint every check_point_delta_t = 600s
08:16 bilby INFO    : Using dynesty version 1.0.1
08:16 bilby INFO    : Generating initial points from the prior
08:18 bilby INFO    : Using the bilby-implemented rwalk sample method with ACT estimated walks
08:18 bilby INFO    : Resume file outdir_bbh_injection/result/bbh_injection_data0_0_analysis_H1L1_dynesty_resume.pickle does not exist.
08:30 bilby INFO    : Written checkpoint file outdir_bbh_injection/result/bbh_injection_data0_0_analysis_H1L1_dynesty_resume.pickle
08:30 bilby INFO    : Writing 1943 current samples to outdir_bbh_injection/result/bbh_injection_data0_0_analysis_H1L1_dynesty_samples.dat
08:42 bilby INFO    : Written checkpoint file outdir_bbh_injection/result/bbh_injection_data0_0_analysis_H1L1_dynesty_resume.pickle
08:42 bilby INFO    : Writing 2842 current samples to outdir_bbh_injection/result/bbh_injection_data0_0_analysis_H1L1_dynesty_samples.dat
08:53 bilby INFO    : Written checkpoint file outdir_bbh_injection/result/bbh_injection_data0_0_analysis_H1L1_dynesty_resume.pickle
08:53 bilby INFO    : Writing 2869 current samples to outdir_bbh_injection/result/bbh_injection_data0_0_analysis_H1L1_dynesty_samples.dat
09:04 bilby INFO    : Written checkpoint file outdir_bbh_injection/result/bbh_injection_data0_0_analysis_H1L1_dynesty_resume.pickle
09:04 bilby INFO    : Writing 2861 current samples to outdir_bbh_injection/result/bbh_injection_data0_0_analysis_H1L1_dynesty_samples.dat
09:16 bilby INFO    : Written checkpoint file outdir_bbh_injection/result/bbh_injection_data0_0_analysis_H1L1_dynesty_resume.pickle
09:16 bilby INFO    : Writing 2847 current samples to outdir_bbh_injection/result/bbh_injection_data0_0_analysis_H1L1_dynesty_samples.dat
09:27 bilby INFO    : Written checkpoint file outdir_bbh_injection/result/bbh_injection_data0_0_analysis_H1L1_dynesty_resume.pickle
09:27 bilby INFO    : Writing 2867 current samples to outdir_bbh_injection/result/bbh_injection_data0_0_analysis_H1L1_dynesty_samples.dat
09:40 bilby INFO    : Written checkpoint file outdir_bbh_injection/result/bbh_injection_data0_0_analysis_H1L1_dynesty_resume.pickle
09:40 bilby INFO    : Writing 2903 current samples to outdir_bbh_injection/result/bbh_injection_data0_0_analysis_H1L1_dynesty_samples.dat
09:51 bilby INFO    : Written checkpoint file outdir_bbh_injection/result/bbh_injection_data0_0_analysis_H1L1_dynesty_resume.pickle
09:51 bilby INFO    : Writing 2870 current samples to outdir_bbh_injection/result/bbh_injection_data0_0_analysis_H1L1_dynesty_samples.dat
10:03 bilby INFO    : Written checkpoint file outdir_bbh_injection/result/bbh_injection_data0_0_analysis_H1L1_dynesty_resume.pickle
10:03 bilby INFO    : Writing 2853 current samples to outdir_bbh_injection/result/bbh_injection_data0_0_analysis_H1L1_dynesty_samples.dat
10:14 bilby INFO    : Written checkpoint file outdir_bbh_injection/result/bbh_injection_data0_0_analysis_H1L1_dynesty_resume.pickle
10:14 bilby INFO    : Writing 2892 current samples to outdir_bbh_injection/result/bbh_injection_data0_0_analysis_H1L1_dynesty_samples.dat
10:27 bilby INFO    : Written checkpoint file outdir_bbh_injection/result/bbh_injection_data0_0_analysis_H1L1_dynesty_resume.pickle
10:27 bilby INFO    : Writing 2801 current samples to outdir_bbh_injection/result/bbh_injection_data0_0_analysis_H1L1_dynesty_samples.dat
10:37 bilby INFO    : Written checkpoint file outdir_bbh_injection/result/bbh_injection_data0_0_analysis_H1L1_dynesty_resume.pickle
10:37 bilby INFO    : Writing 2852 current samples to outdir_bbh_injection/result/bbh_injection_data0_0_analysis_H1L1_dynesty_samples.dat
10:40 bilby INFO    : Written checkpoint file outdir_bbh_injection/result/bbh_injection_data0_0_analysis_H1L1_dynesty_resume.pickle
10:40 bilby INFO    : Writing 2891 current samples to outdir_bbh_injection/result/bbh_injection_data0_0_analysis_H1L1_dynesty_samples.dat
10:40 bilby INFO    : Sampling time: 2:20:52.736880
10:40 bilby INFO    : Generating sky frame parameters.
10:46 bilby INFO    : Computing SNRs for every sample.
10:56 bilby INFO    : Summary of results:
nsamples: 4744
ln_noise_evidence: -16274.239
ln_evidence: -16265.625 +/-  0.030
ln_bayes_factor:  8.614 +/-  0.030

