000 (7756523.000.000) 2021-07-03 18:17:43 Job submitted from host: <10.14.0.99:9618?addrs=10.14.0.99-9618&alias=ldas-pcdev1.ligo.caltech.edu&noUDP&sock=schedd_11200_d8ce>
    DAG Node: eccn_data0_1126259462-4_generation_arg_0
...
001 (7756523.000.000) 2021-07-03 18:18:54 Job executing on host: <10.14.4.156:9618?addrs=10.14.4.156-9618&alias=node906.cluster.ldas.cit&noUDP&sock=startd_1810608_110a>
...
006 (7756523.000.000) 2021-07-03 18:19:03 Image size of job updated: 500716
	115  -  MemoryUsage of job (MB)
	117024  -  ResidentSetSize of job (KB)
...
006 (7756523.000.000) 2021-07-03 18:19:19 Image size of job updated: 517248
	115  -  MemoryUsage of job (MB)
	117024  -  ResidentSetSize of job (KB)
...
005 (7756523.000.000) 2021-07-03 18:19:19 Job terminated.
	(1) Normal termination (return value 0)
		Usr 0 00:00:08, Sys 0 00:00:01  -  Run Remote Usage
		Usr 0 00:00:00, Sys 0 00:00:00  -  Run Local Usage
		Usr 0 00:00:08, Sys 0 00:00:01  -  Total Remote Usage
		Usr 0 00:00:00, Sys 0 00:00:00  -  Total Local Usage
	0  -  Run Bytes Sent By Job
	0  -  Run Bytes Received By Job
	0  -  Total Bytes Sent By Job
	0  -  Total Bytes Received By Job
	Partitionable Resources :    Usage  Request Allocated 
	   Cpus                 :                 1         1 
	   Disk (KB)            :        1        1     50943 
	   GPUs                 :                           0 
	   Memory (MB)          :      115     8192      8192 

	Job terminated of its own accord at 2021-07-04T01:19:19Z.
...
