000 (7814748.000.000) 2021-07-04 10:59:04 Job submitted from host: <10.14.0.99:9618?addrs=10.14.0.99-9618&alias=ldas-pcdev1.ligo.caltech.edu&noUDP&sock=schedd_11200_d8ce>
    DAG Node: eccn_data0_1126259463-9_generation_arg_0
...
001 (7814748.000.000) 2021-07-04 10:59:46 Job executing on host: <10.14.8.176:9618?addrs=10.14.8.176-9618&alias=node1926.cluster.ldas.cit&noUDP&sock=startd_3765121_6a46>
...
005 (7814748.000.000) 2021-07-04 11:04:51 Job terminated.
	(1) Normal termination (return value 0)
		Usr 0 00:00:08, Sys 0 00:00:01  -  Run Remote Usage
		Usr 0 00:00:00, Sys 0 00:00:00  -  Run Local Usage
		Usr 0 00:00:08, Sys 0 00:00:01  -  Total Remote Usage
		Usr 0 00:00:00, Sys 0 00:00:00  -  Total Local Usage
	0  -  Run Bytes Sent By Job
	0  -  Run Bytes Received By Job
	0  -  Total Bytes Sent By Job
	0  -  Total Bytes Received By Job
	Partitionable Resources :    Usage  Request Allocated 
	   Cpus                 :     0.01        1         1 
	   Disk (KB)            :     1           1     50949 
	   GPUs                 :                           0 
	   Memory (MB)          :    97        8192      8192 

	Job terminated of its own accord at 2021-07-04T18:04:51Z.
...
000 (7815385.000.000) 2021-07-04 11:05:00 Job submitted from host: <10.14.0.99:9618?addrs=10.14.0.99-9618&alias=ldas-pcdev1.ligo.caltech.edu&noUDP&sock=schedd_11200_d8ce>
    DAG Node: eccn_data0_1126259463-9_analysis_H1L1_dynesty_arg_0
...
001 (7815385.000.000) 2021-07-04 11:06:32 Job executing on host: <10.14.9.103:9618?addrs=10.14.9.103-9618&alias=node2103.cluster.ldas.cit&noUDP&sock=startd_1982402_761b>
...
004 (7815385.000.000) 2021-07-05 14:55:44 Job was evicted.
	(0) CPU times
		Usr 16 00:58:08, Sys 0 00:06:55  -  Run Remote Usage
		Usr 0 00:00:00, Sys 0 00:00:00  -  Run Local Usage
	7051400  -  Run Bytes Sent By Job
	345598  -  Run Bytes Received By Job
	Partitionable Resources :    Usage  Request Allocated 
	   Cpus                 :    15.93       16        16 
	   Disk (KB)            :  3532         350    102122 
	   GPUs                 :                           0 
	   Memory (MB)          :   328        4096      4096 
...
001 (7815385.000.000) 2021-07-05 14:57:07 Job executing on host: <10.14.9.121:9618?addrs=10.14.9.121-9618&alias=node2121.cluster.ldas.cit&noUDP&sock=startd_3234280_a481>
...
007 (7815385.000.000) 2021-07-05 15:39:18 Shadow exception!
	Assertion ERROR on (result)
	0  -  Run Bytes Sent By Job
	3149306  -  Run Bytes Received By Job
...
001 (7815385.000.000) 2021-07-05 15:42:36 Job executing on host: <10.14.9.104:9618?addrs=10.14.9.104-9618&alias=node2104.cluster.ldas.cit&noUDP&sock=startd_3684530_b142>
...
005 (7815385.000.000) 2021-07-06 17:52:13 Job terminated.
	(1) Normal termination (return value 0)
		Usr 16 06:48:16, Sys 0 00:12:31  -  Run Remote Usage
		Usr 0 00:00:00, Sys 0 00:00:00  -  Run Local Usage
		Usr 32 08:40:47, Sys 0 00:19:35  -  Total Remote Usage
		Usr 0 00:00:00, Sys 0 00:00:00  -  Total Local Usage
	21429680  -  Run Bytes Sent By Job
	3149306  -  Run Bytes Received By Job
	28481080  -  Total Bytes Sent By Job
	6644210  -  Total Bytes Received By Job
	Partitionable Resources :    Usage  Request Allocated 
	   Cpus                 :    15.68       16        16 
	   Disk (KB)            : 10545        3250    102119 
	   GPUs                 :                           0 
	   Memory (MB)          :   342        4096      4096 

	Job terminated of its own accord at 2021-07-07T00:52:12Z.
...
