07/05/21 13:47:46 ******************************************************
07/05/21 13:47:46 ** condor_scheduniv_exec.7862185.0 (CONDOR_DAGMAN) STARTING UP
07/05/21 13:47:46 ** /usr/bin/condor_dagman
07/05/21 13:47:46 ** SubsystemInfo: name=DAGMAN type=DAGMAN(10) class=DAEMON(1)
07/05/21 13:47:46 ** Configuration: subsystem:DAGMAN local:<NONE> class:DAEMON
07/05/21 13:47:46 ** $CondorVersion: 9.0.1 May 14 2021 BuildID: 541356 PackageID: 9.0.1-1 $
07/05/21 13:47:46 ** $CondorPlatform: x86_64_CentOS7 $
07/05/21 13:47:46 ** PID = 2724446
07/05/21 13:47:46 ** Log last touched time unavailable (No such file or directory)
07/05/21 13:47:46 ******************************************************
07/05/21 13:47:46 Using config source: /etc/condor/condor_config
07/05/21 13:47:46 Using local config sources: 
07/05/21 13:47:46    /etc/condor/config.d/00-htcondor-9.0.config
07/05/21 13:47:46    /etc/condor/config.d/00-ldas
07/05/21 13:47:46    /etc/condor/config.d/02-scheduler
07/05/21 13:47:46    /etc/condor/config.d/10-cgroup
07/05/21 13:47:46    /etc/condor/config.d/10-security
07/05/21 13:47:46    /etc/condor/config.d/30-scratch-mount
07/05/21 13:47:46    /etc/condor/config.d/40-oauth-credmon.conf
07/05/21 13:47:46    /etc/condor/config.d/40-oauth-tokens.conf
07/05/21 13:47:46    /etc/condor/config.d/99-memory
07/05/21 13:47:46    /etc/condor/config.d/99-transform
07/05/21 13:47:46    /etc/condor/condor_config.local
07/05/21 13:47:46 config Macros = 141, Sorted = 141, StringBytes = 5923, TablesBytes = 5196
07/05/21 13:47:46 CLASSAD_CACHING is ENABLED
07/05/21 13:47:46 Daemon Log is logging: D_ALWAYS D_ERROR
07/05/21 13:47:46 DaemonCore: No command port requested.
07/05/21 13:47:46 DAGMAN_USE_STRICT setting: 1
07/05/21 13:47:46 DAGMAN_VERBOSITY setting: 3
07/05/21 13:47:46 DAGMAN_DEBUG_CACHE_SIZE setting: 5242880
07/05/21 13:47:46 DAGMAN_DEBUG_CACHE_ENABLE setting: True
07/05/21 13:47:46 DAGMAN_SUBMIT_DELAY setting: 0
07/05/21 13:47:46 DAGMAN_MAX_SUBMIT_ATTEMPTS setting: 6
07/05/21 13:47:46 DAGMAN_STARTUP_CYCLE_DETECT setting: False
07/05/21 13:47:46 DAGMAN_MAX_SUBMITS_PER_INTERVAL setting: 100
07/05/21 13:47:46 DAGMAN_AGGRESSIVE_SUBMIT setting: False
07/05/21 13:47:46 DAGMAN_USER_LOG_SCAN_INTERVAL setting: 5
07/05/21 13:47:46 DAGMAN_QUEUE_UPDATE_INTERVAL setting: 300
07/05/21 13:47:46 DAGMAN_DEFAULT_PRIORITY setting: 0
07/05/21 13:47:46 DAGMAN_SUPPRESS_NOTIFICATION setting: True
07/05/21 13:47:46 allow_events (DAGMAN_ALLOW_EVENTS) setting: 114
07/05/21 13:47:46 DAGMAN_RETRY_SUBMIT_FIRST setting: True
07/05/21 13:47:46 DAGMAN_RETRY_NODE_FIRST setting: False
07/05/21 13:47:46 DAGMAN_MAX_JOBS_IDLE setting: 1000
07/05/21 13:47:46 DAGMAN_MAX_JOBS_SUBMITTED setting: 12000
07/05/21 13:47:46 DAGMAN_MAX_PRE_SCRIPTS setting: 20
07/05/21 13:47:46 DAGMAN_MAX_POST_SCRIPTS setting: 20
07/05/21 13:47:46 DAGMAN_MAX_HOLD_SCRIPTS setting: 20
07/05/21 13:47:46 DAGMAN_MUNGE_NODE_NAMES setting: True
07/05/21 13:47:46 DAGMAN_PROHIBIT_MULTI_JOBS setting: False
07/05/21 13:47:46 DAGMAN_SUBMIT_DEPTH_FIRST setting: True
07/05/21 13:47:46 DAGMAN_ALWAYS_RUN_POST setting: False
07/05/21 13:47:46 DAGMAN_CONDOR_SUBMIT_EXE setting: /usr/bin/condor_submit
07/05/21 13:47:46 DAGMAN_USE_CONDOR_SUBMIT setting: True
07/05/21 13:47:46 DAGMAN_ABORT_DUPLICATES setting: True
07/05/21 13:47:46 DAGMAN_ABORT_ON_SCARY_SUBMIT setting: True
07/05/21 13:47:46 DAGMAN_PENDING_REPORT_INTERVAL setting: 600
07/05/21 13:47:46 DAGMAN_AUTO_RESCUE setting: True
07/05/21 13:47:46 DAGMAN_MAX_RESCUE_NUM setting: 100
07/05/21 13:47:46 DAGMAN_WRITE_PARTIAL_RESCUE setting: True
07/05/21 13:47:46 DAGMAN_DEFAULT_NODE_LOG setting: @(DAG_DIR)/@(DAG_FILE).nodes.log
07/05/21 13:47:46 DAGMAN_GENERATE_SUBDAG_SUBMITS setting: True
07/05/21 13:47:46 DAGMAN_MAX_JOB_HOLDS setting: 100
07/05/21 13:47:46 DAGMAN_HOLD_CLAIM_TIME setting: 20
07/05/21 13:47:46 ALL_DEBUG setting: 
07/05/21 13:47:46 DAGMAN_DEBUG setting: 
07/05/21 13:47:46 DAGMAN_SUPPRESS_JOB_LOGS setting: False
07/05/21 13:47:46 DAGMAN_REMOVE_NODE_JOBS setting: True
07/05/21 13:47:46 DAGMAN will adjust edges after parsing
07/05/21 13:47:46 Enabling log line cache for increased NFS performance.
07/05/21 13:47:46 argv[0] == "condor_scheduniv_exec.7862185.0"
07/05/21 13:47:46 argv[1] == "-Lockfile"
07/05/21 13:47:46 argv[2] == "outdir_com/submit/dag_eccn.submit.lock"
07/05/21 13:47:46 argv[3] == "-AutoRescue"
07/05/21 13:47:46 argv[4] == "1"
07/05/21 13:47:46 argv[5] == "-DoRescueFrom"
07/05/21 13:47:46 argv[6] == "0"
07/05/21 13:47:46 argv[7] == "-Dag"
07/05/21 13:47:46 argv[8] == "outdir_com/submit/dag_eccn.submit"
07/05/21 13:47:46 argv[9] == "-Suppress_notification"
07/05/21 13:47:46 argv[10] == "-CsdVersion"
07/05/21 13:47:46 argv[11] == "$CondorVersion: 9.0.1 May 14 2021 BuildID: 541356 PackageID: 9.0.1-1 $"
07/05/21 13:47:46 argv[12] == "-Dagman"
07/05/21 13:47:46 argv[13] == "/usr/bin/condor_dagman"
07/05/21 13:47:46 Can't open directory "/etc/condor/passwords.d" as PRIV_ROOT, errno: 13 (Permission denied)
07/05/21 13:47:46 Can't open directory "/etc/condor/passwords.d" as PRIV_ROOT, errno: 13 (Permission denied)
07/05/21 13:47:46 Workflow batch-id: <7862185.0>
07/05/21 13:47:46 Workflow batch-name: <dag_eccn.submit+7862185>
07/05/21 13:47:46 Workflow accounting_group: <>
07/05/21 13:47:46 Workflow accounting_group_user: <>
07/05/21 13:47:46 Warning: failed to get attribute DAGNodeName
07/05/21 13:47:46 DAGMAN_LOG_ON_NFS_IS_ERROR setting: False
07/05/21 13:47:46 Default node log file is: </home/hemantakumar.phurailatpam/bilby/bilby_pipe/eccn5/outdir_com/submit/dag_eccn.submit.nodes.log>
07/05/21 13:47:46 DAG Lockfile will be written to outdir_com/submit/dag_eccn.submit.lock
07/05/21 13:47:46 DAG Input file is outdir_com/submit/dag_eccn.submit
07/05/21 13:47:46 Parsing 1 dagfiles
07/05/21 13:47:46 Parsing outdir_com/submit/dag_eccn.submit ...
07/05/21 13:47:46 Adjusting edges
07/05/21 13:47:46 Dag contains 2 total jobs
07/05/21 13:47:46 Bootstrapping...
07/05/21 13:47:46 Number of pre-completed nodes: 0
07/05/21 13:47:46 MultiLogFiles: truncating log file /home/hemantakumar.phurailatpam/bilby/bilby_pipe/eccn5/outdir_com/submit/dag_eccn.submit.nodes.log
07/05/21 13:47:46 DAG status: 0 (DAG_STATUS_OK)
07/05/21 13:47:46 Of 2 nodes total:
07/05/21 13:47:46  Done     Pre   Queued    Post   Ready   Un-Ready   Failed
07/05/21 13:47:46   ===     ===      ===     ===     ===        ===      ===
07/05/21 13:47:46     0       0        0       0       1          1        0
07/05/21 13:47:46 0 job proc(s) currently held
07/05/21 13:47:46 DAGMan Runtime Statistics: [ EventCycleTimeCount = 0.0; EventCycleTimeSum = 0.0; LogProcessCycleTimeCount = 0.0; LogProcessCycleTimeSum = 0.0; SleepCycleTimeCount = 0.0; SleepCycleTimeSum = 0.0; SubmitCycleTimeCount = 0.0; SubmitCycleTimeSum = 0.0; ]
07/05/21 13:47:46 Registering condor_event_timer...
07/05/21 13:47:47 Submitting HTCondor Node eccn_data0_1126259643-913_generation_arg_0 job(s)...
07/05/21 13:47:47 Adding a DAGMan workflow log /home/hemantakumar.phurailatpam/bilby/bilby_pipe/eccn5/outdir_com/submit/dag_eccn.submit.nodes.log
07/05/21 13:47:47 Masking the events recorded in the DAGMAN workflow log
07/05/21 13:47:47 Mask for workflow log is 0,1,2,4,5,7,9,10,11,12,13,16,17,24,27,35,36
07/05/21 13:47:47 submitting: /usr/bin/condor_submit -a dag_node_name' '=' 'eccn_data0_1126259643-913_generation_arg_0 -a +DAGManJobId' '=' '7862185 -a DAGManJobId' '=' '7862185 -batch-name dag_eccn.submit+7862185 -batch-id 7862185.0 -a submit_event_notes' '=' 'DAG' 'Node:' 'eccn_data0_1126259643-913_generation_arg_0 -a dagman_log' '=' '/home/hemantakumar.phurailatpam/bilby/bilby_pipe/eccn5/outdir_com/submit/dag_eccn.submit.nodes.log -a +DAGManNodesMask' '=' '"0,1,2,4,5,7,9,10,11,12,13,16,17,24,27,35,36" -a JOB=eccn_data0_1126259643-913_generation_arg_0 -a ARGS' '=' 'outdir_com/eccn_config_complete.ini' '--label' 'eccn_data0_1126259643-913_generation' '--idx' '0' '--trigger-time' '1126259643.913 -a DAG_STATUS' '=' '0 -a FAILED_COUNT' '=' '0 -a +KeepClaimIdle' '=' '20 -a notification' '=' 'never -a +DAGParentNodeNames' '=' '"" outdir_com/submit/eccn_data0_1126259643-913_generation.submit
07/05/21 13:47:47 From submit: Submitting job(s).
07/05/21 13:47:47 From submit: 1 job(s) submitted to cluster 7862186.
07/05/21 13:47:47 From submit: WARNING: the line 'JOB = eccn_data0_1126259643-913_generation_arg_0' was unused by condor_submit. Is it a typo?
07/05/21 13:47:47 	assigned HTCondor ID (7862186.0.0)
07/05/21 13:47:47 Just submitted 1 job this cycle...
07/05/21 13:47:47 DAG status: 0 (DAG_STATUS_OK)
07/05/21 13:47:47 Of 2 nodes total:
07/05/21 13:47:47  Done     Pre   Queued    Post   Ready   Un-Ready   Failed
07/05/21 13:47:47   ===     ===      ===     ===     ===        ===      ===
07/05/21 13:47:47     0       0        1       0       0          1        0
07/05/21 13:47:47 0 job proc(s) currently held
07/05/21 13:47:47 DAGMan Runtime Statistics: [ EventCycleTimeCount = 0.0; EventCycleTimeSum = 0.0; LogProcessCycleTimeCount = 0.0; LogProcessCycleTimeSum = 0.0; SleepCycleTimeCount = 0.0; SleepCycleTimeSum = 0.0; SubmitCycleTimeAvg = 0.05807304382324219; SubmitCycleTimeCount = 1.0; SubmitCycleTimeMax = 0.05807304382324219; SubmitCycleTimeMin = 0.05807304382324219; SubmitCycleTimeStd = 0.05807304382324219; SubmitCycleTimeSum = 0.05807304382324219; ]
07/05/21 13:47:52 Currently monitoring 1 HTCondor log file(s)
07/05/21 13:47:52 Reassigning the id of job eccn_data0_1126259643-913_generation_arg_0 from (7862186.0.0) to (7862186.0.0)
07/05/21 13:47:52 Event: ULOG_SUBMIT for HTCondor Node eccn_data0_1126259643-913_generation_arg_0 (7862186.0.0) {07/05/21 13:47:47}
07/05/21 13:47:52 Number of idle job procs: 1
07/05/21 13:49:12 Currently monitoring 1 HTCondor log file(s)
07/05/21 13:49:12 Event: ULOG_EXECUTE for HTCondor Node eccn_data0_1126259643-913_generation_arg_0 (7862186.0.0) {07/05/21 13:49:12}
07/05/21 13:49:12 Number of idle job procs: 0
07/05/21 13:56:42 Currently monitoring 1 HTCondor log file(s)
07/05/21 13:56:42 Event: ULOG_JOB_TERMINATED for HTCondor Node eccn_data0_1126259643-913_generation_arg_0 (7862186.0.0) {07/05/21 13:56:39}
07/05/21 13:56:42 Number of idle job procs: 0
07/05/21 13:56:42 Node eccn_data0_1126259643-913_generation_arg_0 job proc (7862186.0.0) completed successfully.
07/05/21 13:56:42 Node eccn_data0_1126259643-913_generation_arg_0 job completed
07/05/21 13:56:42 DAG status: 0 (DAG_STATUS_OK)
07/05/21 13:56:42 Of 2 nodes total:
07/05/21 13:56:42  Done     Pre   Queued    Post   Ready   Un-Ready   Failed
07/05/21 13:56:42   ===     ===      ===     ===     ===        ===      ===
07/05/21 13:56:42     1       0        0       0       1          0        0
07/05/21 13:56:42 0 job proc(s) currently held
07/05/21 13:56:42 DAGMan Runtime Statistics: [ EventCycleTimeAvg = 0.001858042779369889; EventCycleTimeCount = 107.0; EventCycleTimeMax = 0.058258056640625; EventCycleTimeMin = 1.692771911621094E-05; EventCycleTimeStd = 0.008962064238260369; EventCycleTimeSum = 0.1988105773925781; LogProcessCycleTimeAvg = 0.0005283355712890625; LogProcessCycleTimeCount = 3.0; LogProcessCycleTimeMax = 0.0006890296936035156; LogProcessCycleTimeMin = 0.0002400875091552734; LogProcessCycleTimeStd = 0.0002501794894008419; LogProcessCycleTimeSum = 0.001585006713867188; SleepCycleTimeAvg = 4.996758677135004; SleepCycleTimeCount = 107.0; SleepCycleTimeMax = 5.006478071212769; SleepCycleTimeMin = 4.119730949401855; SleepCycleTimeStd = 0.08558695703547224; SleepCycleTimeSum = 534.6531784534454; SubmitCycleTimeAvg = 0.001116302278306749; SubmitCycleTimeCount = 108.0; SubmitCycleTimeMax = 0.05807304382324219; SubmitCycleTimeMin = 5.960464477539062E-06; SubmitCycleTimeStd = 0.007391668640401964; SubmitCycleTimeSum = 0.1205606460571289; ]
07/05/21 13:56:47 Submitting HTCondor Node eccn_data0_1126259643-913_analysis_H1L1_dynesty_arg_0 job(s)...
07/05/21 13:56:47 Adding a DAGMan workflow log /home/hemantakumar.phurailatpam/bilby/bilby_pipe/eccn5/outdir_com/submit/dag_eccn.submit.nodes.log
07/05/21 13:56:47 Masking the events recorded in the DAGMAN workflow log
07/05/21 13:56:47 Mask for workflow log is 0,1,2,4,5,7,9,10,11,12,13,16,17,24,27,35,36
07/05/21 13:56:47 submitting: /usr/bin/condor_submit -a dag_node_name' '=' 'eccn_data0_1126259643-913_analysis_H1L1_dynesty_arg_0 -a +DAGManJobId' '=' '7862185 -a DAGManJobId' '=' '7862185 -batch-name dag_eccn.submit+7862185 -batch-id 7862185.0 -a submit_event_notes' '=' 'DAG' 'Node:' 'eccn_data0_1126259643-913_analysis_H1L1_dynesty_arg_0 -a dagman_log' '=' '/home/hemantakumar.phurailatpam/bilby/bilby_pipe/eccn5/outdir_com/submit/dag_eccn.submit.nodes.log -a +DAGManNodesMask' '=' '"0,1,2,4,5,7,9,10,11,12,13,16,17,24,27,35,36" -a JOB=eccn_data0_1126259643-913_analysis_H1L1_dynesty_arg_0 -a ARGS' '=' 'outdir_com/eccn_config_complete.ini' '--outdir' 'outdir_com' '--detectors' 'H1' '--detectors' 'L1' '--label' 'eccn_data0_1126259643-913_analysis_H1L1_dynesty' '--data-dump-file' 'outdir_com/data/eccn_data0_1126259643-913_generation_data_dump.pickle' '--sampler' 'dynesty -a DAG_STATUS' '=' '0 -a FAILED_COUNT' '=' '0 -a notification' '=' 'never -a +DAGParentNodeNames' '=' '"eccn_data0_1126259643-913_generation_arg_0" outdir_com/submit/eccn_data0_1126259643-913_analysis_H1L1_dynesty.submit
07/05/21 13:56:47 From submit: Submitting job(s).
07/05/21 13:56:47 From submit: 1 job(s) submitted to cluster 7862188.
07/05/21 13:56:47 From submit: WARNING: the line 'JOB = eccn_data0_1126259643-913_analysis_H1L1_dynesty_arg_0' was unused by condor_submit. Is it a typo?
07/05/21 13:56:47 	assigned HTCondor ID (7862188.0.0)
07/05/21 13:56:47 Just submitted 1 job this cycle...
07/05/21 13:56:47 DAG status: 0 (DAG_STATUS_OK)
07/05/21 13:56:47 Of 2 nodes total:
07/05/21 13:56:47  Done     Pre   Queued    Post   Ready   Un-Ready   Failed
07/05/21 13:56:47   ===     ===      ===     ===     ===        ===      ===
07/05/21 13:56:47     1       0        1       0       0          0        0
07/05/21 13:56:47 0 job proc(s) currently held
07/05/21 13:56:47 DAGMan Runtime Statistics: [ EventCycleTimeAvg = 0.0018492650102686; EventCycleTimeCount = 108.0; EventCycleTimeMax = 0.058258056640625; EventCycleTimeMin = 1.692771911621094E-05; EventCycleTimeStd = 0.008920553550592217; EventCycleTimeSum = 0.1997206211090088; LogProcessCycleTimeAvg = 0.0005283355712890625; LogProcessCycleTimeCount = 3.0; LogProcessCycleTimeMax = 0.0006890296936035156; LogProcessCycleTimeMin = 0.0002400875091552734; LogProcessCycleTimeStd = 0.0002501794894008419; LogProcessCycleTimeSum = 0.001585006713867188; SleepCycleTimeAvg = 4.996862764711733; SleepCycleTimeCount = 108.0; SleepCycleTimeMax = 5.008000135421753; SleepCycleTimeMin = 4.119730949401855; SleepCycleTimeStd = 0.08519294676142514; SleepCycleTimeSum = 539.6611785888672; SubmitCycleTimeAvg = 0.003357637912855236; SubmitCycleTimeCount = 109.0; SubmitCycleTimeMax = 0.2454218864440918; SubmitCycleTimeMin = 5.960464477539062E-06; SubmitCycleTimeStd = 0.02452960824849344; SubmitCycleTimeSum = 0.3659825325012207; ]
07/05/21 13:56:52 Currently monitoring 1 HTCondor log file(s)
07/05/21 13:56:52 Reassigning the id of job eccn_data0_1126259643-913_analysis_H1L1_dynesty_arg_0 from (7862188.0.0) to (7862188.0.0)
07/05/21 13:56:52 Event: ULOG_SUBMIT for HTCondor Node eccn_data0_1126259643-913_analysis_H1L1_dynesty_arg_0 (7862188.0.0) {07/05/21 13:56:47}
07/05/21 13:56:52 Number of idle job procs: 1
07/05/21 13:58:23 Currently monitoring 1 HTCondor log file(s)
07/05/21 13:58:23 Event: ULOG_EXECUTE for HTCondor Node eccn_data0_1126259643-913_analysis_H1L1_dynesty_arg_0 (7862188.0.0) {07/05/21 13:58:21}
07/05/21 13:58:23 Number of idle job procs: 0
07/05/21 14:08:23 600 seconds since last log event
07/05/21 14:08:23 Pending DAG nodes:
07/05/21 14:08:23   Node eccn_data0_1126259643-913_analysis_H1L1_dynesty_arg_0, HTCondor ID 7862188, status STATUS_SUBMITTED
07/05/21 14:18:23 1200 seconds since last log event
07/05/21 14:18:23 Pending DAG nodes:
07/05/21 14:18:23   Node eccn_data0_1126259643-913_analysis_H1L1_dynesty_arg_0, HTCondor ID 7862188, status STATUS_SUBMITTED
07/05/21 14:28:24 1801 seconds since last log event
07/05/21 14:28:25 Pending DAG nodes:
07/05/21 14:28:25   Node eccn_data0_1126259643-913_analysis_H1L1_dynesty_arg_0, HTCondor ID 7862188, status STATUS_SUBMITTED
07/05/21 14:38:25 2402 seconds since last log event
07/05/21 14:38:25 Pending DAG nodes:
07/05/21 14:38:25   Node eccn_data0_1126259643-913_analysis_H1L1_dynesty_arg_0, HTCondor ID 7862188, status STATUS_SUBMITTED
07/05/21 14:48:27 3004 seconds since last log event
07/05/21 14:48:27 Pending DAG nodes:
07/05/21 14:48:27   Node eccn_data0_1126259643-913_analysis_H1L1_dynesty_arg_0, HTCondor ID 7862188, status STATUS_SUBMITTED
07/05/21 14:58:27 3604 seconds since last log event
07/05/21 14:58:27 Pending DAG nodes:
07/05/21 14:58:27   Node eccn_data0_1126259643-913_analysis_H1L1_dynesty_arg_0, HTCondor ID 7862188, status STATUS_SUBMITTED
07/05/21 15:08:27 4204 seconds since last log event
07/05/21 15:08:27 Pending DAG nodes:
07/05/21 15:08:27   Node eccn_data0_1126259643-913_analysis_H1L1_dynesty_arg_0, HTCondor ID 7862188, status STATUS_SUBMITTED
07/05/21 15:39:20 6057 seconds since last log event
07/05/21 15:39:20 Pending DAG nodes:
07/05/21 15:39:20   Node eccn_data0_1126259643-913_analysis_H1L1_dynesty_arg_0, HTCondor ID 7862188, status STATUS_SUBMITTED
07/05/21 15:39:31 Currently monitoring 1 HTCondor log file(s)
07/05/21 15:39:31 Event: ULOG_SHADOW_EXCEPTION for HTCondor Node eccn_data0_1126259643-913_analysis_H1L1_dynesty_arg_0 (7862188.0.0) {07/05/21 15:39:20}
07/05/21 15:39:31 Number of idle job procs: 1
07/05/21 15:42:37 Currently monitoring 1 HTCondor log file(s)
07/05/21 15:42:37 Event: ULOG_EXECUTE for HTCondor Node eccn_data0_1126259643-913_analysis_H1L1_dynesty_arg_0 (7862188.0.0) {07/05/21 15:42:36}
07/05/21 15:42:37 Number of idle job procs: 0
07/05/21 15:52:37 600 seconds since last log event
07/05/21 15:52:37 Pending DAG nodes:
07/05/21 15:52:37   Node eccn_data0_1126259643-913_analysis_H1L1_dynesty_arg_0, HTCondor ID 7862188, status STATUS_SUBMITTED
07/05/21 16:02:38 1201 seconds since last log event
07/05/21 16:02:38 Pending DAG nodes:
07/05/21 16:02:38   Node eccn_data0_1126259643-913_analysis_H1L1_dynesty_arg_0, HTCondor ID 7862188, status STATUS_SUBMITTED
07/05/21 16:12:38 1801 seconds since last log event
07/05/21 16:12:38 Pending DAG nodes:
07/05/21 16:12:38   Node eccn_data0_1126259643-913_analysis_H1L1_dynesty_arg_0, HTCondor ID 7862188, status STATUS_SUBMITTED
07/05/21 16:22:39 2402 seconds since last log event
07/05/21 16:22:39 Pending DAG nodes:
07/05/21 16:22:39   Node eccn_data0_1126259643-913_analysis_H1L1_dynesty_arg_0, HTCondor ID 7862188, status STATUS_SUBMITTED
07/05/21 16:32:40 3003 seconds since last log event
07/05/21 16:32:40 Pending DAG nodes:
07/05/21 16:32:40   Node eccn_data0_1126259643-913_analysis_H1L1_dynesty_arg_0, HTCondor ID 7862188, status STATUS_SUBMITTED
07/05/21 16:42:41 3604 seconds since last log event
07/05/21 16:42:41 Pending DAG nodes:
07/05/21 16:42:41   Node eccn_data0_1126259643-913_analysis_H1L1_dynesty_arg_0, HTCondor ID 7862188, status STATUS_SUBMITTED
07/05/21 16:52:41 4204 seconds since last log event
07/05/21 16:52:41 Pending DAG nodes:
07/05/21 16:52:41   Node eccn_data0_1126259643-913_analysis_H1L1_dynesty_arg_0, HTCondor ID 7862188, status STATUS_SUBMITTED
07/05/21 17:02:42 4805 seconds since last log event
07/05/21 17:02:42 Pending DAG nodes:
07/05/21 17:02:42   Node eccn_data0_1126259643-913_analysis_H1L1_dynesty_arg_0, HTCondor ID 7862188, status STATUS_SUBMITTED
07/05/21 17:12:42 5405 seconds since last log event
07/05/21 17:12:42 Pending DAG nodes:
07/05/21 17:12:42   Node eccn_data0_1126259643-913_analysis_H1L1_dynesty_arg_0, HTCondor ID 7862188, status STATUS_SUBMITTED
07/05/21 17:22:42 6005 seconds since last log event
07/05/21 17:22:42 Pending DAG nodes:
07/05/21 17:22:42   Node eccn_data0_1126259643-913_analysis_H1L1_dynesty_arg_0, HTCondor ID 7862188, status STATUS_SUBMITTED
07/05/21 17:32:43 6606 seconds since last log event
07/05/21 17:32:43 Pending DAG nodes:
07/05/21 17:32:43   Node eccn_data0_1126259643-913_analysis_H1L1_dynesty_arg_0, HTCondor ID 7862188, status STATUS_SUBMITTED
07/05/21 17:42:44 7207 seconds since last log event
07/05/21 17:42:44 Pending DAG nodes:
07/05/21 17:42:44   Node eccn_data0_1126259643-913_analysis_H1L1_dynesty_arg_0, HTCondor ID 7862188, status STATUS_SUBMITTED
07/05/21 17:52:45 7808 seconds since last log event
07/05/21 17:52:45 Pending DAG nodes:
07/05/21 17:52:45   Node eccn_data0_1126259643-913_analysis_H1L1_dynesty_arg_0, HTCondor ID 7862188, status STATUS_SUBMITTED
07/05/21 18:02:45 8408 seconds since last log event
07/05/21 18:02:45 Pending DAG nodes:
07/05/21 18:02:45   Node eccn_data0_1126259643-913_analysis_H1L1_dynesty_arg_0, HTCondor ID 7862188, status STATUS_SUBMITTED
07/05/21 18:12:46 9009 seconds since last log event
07/05/21 18:12:46 Pending DAG nodes:
07/05/21 18:12:46   Node eccn_data0_1126259643-913_analysis_H1L1_dynesty_arg_0, HTCondor ID 7862188, status STATUS_SUBMITTED
07/05/21 18:22:47 9610 seconds since last log event
07/05/21 18:22:47 Pending DAG nodes:
07/05/21 18:22:47   Node eccn_data0_1126259643-913_analysis_H1L1_dynesty_arg_0, HTCondor ID 7862188, status STATUS_SUBMITTED
07/05/21 18:32:48 10211 seconds since last log event
07/05/21 18:32:48 Pending DAG nodes:
07/05/21 18:32:48   Node eccn_data0_1126259643-913_analysis_H1L1_dynesty_arg_0, HTCondor ID 7862188, status STATUS_SUBMITTED
07/05/21 18:42:51 10814 seconds since last log event
07/05/21 18:42:51 Pending DAG nodes:
07/05/21 18:42:51   Node eccn_data0_1126259643-913_analysis_H1L1_dynesty_arg_0, HTCondor ID 7862188, status STATUS_SUBMITTED
07/05/21 18:52:52 11415 seconds since last log event
07/05/21 18:52:52 Pending DAG nodes:
07/05/21 18:52:52   Node eccn_data0_1126259643-913_analysis_H1L1_dynesty_arg_0, HTCondor ID 7862188, status STATUS_SUBMITTED
